{"/Users/davevazquez/Documents/001-workspace/003-Labs-20/speak-out-fe/client/svgTransform.js": {"path":"/Users/davevazquez/Documents/001-workspace/003-Labs-20/speak-out-fe/client/svgTransform.js","statementMap":{"0":{"start":{"line":1,"column":0},"end":{"line":8,"column":2}},"1":{"start":{"line":3,"column":4},"end":{"line":3,"column":34}},"2":{"start":{"line":6,"column":4},"end":{"line":6,"column":26}}},"fnMap":{"0":{"name":"(anonymous_0)","decl":{"start":{"line":2,"column":2},"end":{"line":2,"column":3}},"loc":{"start":{"line":2,"column":12},"end":{"line":4,"column":3}},"line":2},"1":{"name":"(anonymous_1)","decl":{"start":{"line":5,"column":2},"end":{"line":5,"column":3}},"loc":{"start":{"line":5,"column":16},"end":{"line":7,"column":3}},"line":5}},"branchMap":{},"s":{"0":0,"1":0,"2":0},"f":{"0":0,"1":0},"b":{},"hash":"b91735833337f3513fb30566bfb5a5afefc88389"}
,"/Users/davevazquez/Documents/001-workspace/003-Labs-20/speak-out-fe/client/src/data.js": {"path":"/Users/davevazquez/Documents/001-workspace/003-Labs-20/speak-out-fe/client/src/data.js","statementMap":{"0":{"start":{"line":2,"column":34},"end":{"line":7,"column":1}},"1":{"start":{"line":10,"column":35},"end":{"line":14,"column":1}},"2":{"start":{"line":16,"column":34},"end":{"line":20,"column":1}}},"fnMap":{},"branchMap":{},"s":{"0":0,"1":0,"2":0},"f":{},"b":{},"hash":"38d6a284d4086d1653de0c988a9485d202483d9e"}
,"/Users/davevazquez/Documents/001-workspace/003-Labs-20/speak-out-fe/client/src/serviceWorker.js": {"path":"/Users/davevazquez/Documents/001-workspace/003-Labs-20/speak-out-fe/client/src/serviceWorker.js","statementMap":{"0":{"start":{"line":13,"column":20},"end":{"line":21,"column":1}},"1":{"start":{"line":24,"column":2},"end":{"line":54,"column":3}},"2":{"start":{"line":26,"column":22},"end":{"line":26,"column":75}},"3":{"start":{"line":27,"column":4},"end":{"line":32,"column":5}},"4":{"start":{"line":31,"column":6},"end":{"line":31,"column":13}},"5":{"start":{"line":34,"column":4},"end":{"line":53,"column":7}},"6":{"start":{"line":35,"column":20},"end":{"line":35,"column":65}},"7":{"start":{"line":37,"column":6},"end":{"line":52,"column":7}},"8":{"start":{"line":39,"column":8},"end":{"line":39,"column":47}},"9":{"start":{"line":43,"column":8},"end":{"line":48,"column":11}},"10":{"start":{"line":44,"column":10},"end":{"line":47,"column":12}},"11":{"start":{"line":51,"column":8},"end":{"line":51,"column":39}},"12":{"start":{"line":58,"column":2},"end":{"line":98,"column":7}},"13":{"start":{"line":61,"column":6},"end":{"line":94,"column":8}},"14":{"start":{"line":62,"column":33},"end":{"line":62,"column":56}},"15":{"start":{"line":63,"column":8},"end":{"line":65,"column":9}},"16":{"start":{"line":64,"column":10},"end":{"line":64,"column":17}},"17":{"start":{"line":66,"column":8},"end":{"line":93,"column":10}},"18":{"start":{"line":67,"column":10},"end":{"line":92,"column":11}},"19":{"start":{"line":68,"column":12},"end":{"line":91,"column":13}},"20":{"start":{"line":72,"column":14},"end":{"line":75,"column":16}},"21":{"start":{"line":78,"column":14},"end":{"line":80,"column":15}},"22":{"start":{"line":79,"column":16},"end":{"line":79,"column":46}},"23":{"start":{"line":85,"column":14},"end":{"line":85,"column":64}},"24":{"start":{"line":88,"column":14},"end":{"line":90,"column":15}},"25":{"start":{"line":89,"column":16},"end":{"line":89,"column":47}},"26":{"start":{"line":97,"column":6},"end":{"line":97,"column":72}},"27":{"start":{"line":103,"column":2},"end":{"line":126,"column":7}},"28":{"start":{"line":106,"column":26},"end":{"line":106,"column":62}},"29":{"start":{"line":107,"column":6},"end":{"line":120,"column":7}},"30":{"start":{"line":112,"column":8},"end":{"line":116,"column":11}},"31":{"start":{"line":113,"column":10},"end":{"line":115,"column":13}},"32":{"start":{"line":114,"column":12},"end":{"line":114,"column":37}},"33":{"start":{"line":119,"column":8},"end":{"line":119,"column":39}},"34":{"start":{"line":123,"column":6},"end":{"line":125,"column":8}},"35":{"start":{"line":130,"column":2},"end":{"line":134,"column":3}},"36":{"start":{"line":131,"column":4},"end":{"line":133,"column":7}},"37":{"start":{"line":132,"column":6},"end":{"line":132,"column":32}}},"fnMap":{"0":{"name":"register","decl":{"start":{"line":23,"column":16},"end":{"line":23,"column":24}},"loc":{"start":{"line":23,"column":33},"end":{"line":55,"column":1}},"line":23},"1":{"name":"(anonymous_1)","decl":{"start":{"line":34,"column":36},"end":{"line":34,"column":37}},"loc":{"start":{"line":34,"column":42},"end":{"line":53,"column":5}},"line":34},"2":{"name":"(anonymous_2)","decl":{"start":{"line":43,"column":43},"end":{"line":43,"column":44}},"loc":{"start":{"line":43,"column":49},"end":{"line":48,"column":9}},"line":43},"3":{"name":"registerValidSW","decl":{"start":{"line":57,"column":9},"end":{"line":57,"column":24}},"loc":{"start":{"line":57,"column":40},"end":{"line":99,"column":1}},"line":57},"4":{"name":"(anonymous_4)","decl":{"start":{"line":60,"column":10},"end":{"line":60,"column":11}},"loc":{"start":{"line":60,"column":26},"end":{"line":95,"column":5}},"line":60},"5":{"name":"(anonymous_5)","decl":{"start":{"line":61,"column":35},"end":{"line":61,"column":36}},"loc":{"start":{"line":61,"column":41},"end":{"line":94,"column":7}},"line":61},"6":{"name":"(anonymous_6)","decl":{"start":{"line":66,"column":41},"end":{"line":66,"column":42}},"loc":{"start":{"line":66,"column":47},"end":{"line":93,"column":9}},"line":66},"7":{"name":"(anonymous_7)","decl":{"start":{"line":96,"column":11},"end":{"line":96,"column":12}},"loc":{"start":{"line":96,"column":20},"end":{"line":98,"column":5}},"line":96},"8":{"name":"checkValidServiceWorker","decl":{"start":{"line":101,"column":9},"end":{"line":101,"column":32}},"loc":{"start":{"line":101,"column":48},"end":{"line":127,"column":1}},"line":101},"9":{"name":"(anonymous_9)","decl":{"start":{"line":104,"column":10},"end":{"line":104,"column":11}},"loc":{"start":{"line":104,"column":22},"end":{"line":121,"column":5}},"line":104},"10":{"name":"(anonymous_10)","decl":{"start":{"line":112,"column":43},"end":{"line":112,"column":44}},"loc":{"start":{"line":112,"column":59},"end":{"line":116,"column":9}},"line":112},"11":{"name":"(anonymous_11)","decl":{"start":{"line":113,"column":41},"end":{"line":113,"column":42}},"loc":{"start":{"line":113,"column":47},"end":{"line":115,"column":11}},"line":113},"12":{"name":"(anonymous_12)","decl":{"start":{"line":122,"column":11},"end":{"line":122,"column":12}},"loc":{"start":{"line":122,"column":17},"end":{"line":126,"column":5}},"line":122},"13":{"name":"unregister","decl":{"start":{"line":129,"column":16},"end":{"line":129,"column":26}},"loc":{"start":{"line":129,"column":29},"end":{"line":135,"column":1}},"line":129},"14":{"name":"(anonymous_14)","decl":{"start":{"line":131,"column":39},"end":{"line":131,"column":40}},"loc":{"start":{"line":131,"column":55},"end":{"line":133,"column":5}},"line":131}},"branchMap":{"0":{"loc":{"start":{"line":14,"column":2},"end":{"line":20,"column":5}},"type":"binary-expr","locations":[{"start":{"line":14,"column":2},"end":{"line":14,"column":42}},{"start":{"line":16,"column":4},"end":{"line":16,"column":40}},{"start":{"line":18,"column":4},"end":{"line":20,"column":5}}],"line":14},"1":{"loc":{"start":{"line":24,"column":2},"end":{"line":54,"column":3}},"type":"if","locations":[{"start":{"line":24,"column":2},"end":{"line":54,"column":3}},{"start":{"line":24,"column":2},"end":{"line":54,"column":3}}],"line":24},"2":{"loc":{"start":{"line":24,"column":6},"end":{"line":24,"column":75}},"type":"binary-expr","locations":[{"start":{"line":24,"column":6},"end":{"line":24,"column":43}},{"start":{"line":24,"column":47},"end":{"line":24,"column":75}}],"line":24},"3":{"loc":{"start":{"line":27,"column":4},"end":{"line":32,"column":5}},"type":"if","locations":[{"start":{"line":27,"column":4},"end":{"line":32,"column":5}},{"start":{"line":27,"column":4},"end":{"line":32,"column":5}}],"line":27},"4":{"loc":{"start":{"line":37,"column":6},"end":{"line":52,"column":7}},"type":"if","locations":[{"start":{"line":37,"column":6},"end":{"line":52,"column":7}},{"start":{"line":37,"column":6},"end":{"line":52,"column":7}}],"line":37},"5":{"loc":{"start":{"line":63,"column":8},"end":{"line":65,"column":9}},"type":"if","locations":[{"start":{"line":63,"column":8},"end":{"line":65,"column":9}},{"start":{"line":63,"column":8},"end":{"line":65,"column":9}}],"line":63},"6":{"loc":{"start":{"line":67,"column":10},"end":{"line":92,"column":11}},"type":"if","locations":[{"start":{"line":67,"column":10},"end":{"line":92,"column":11}},{"start":{"line":67,"column":10},"end":{"line":92,"column":11}}],"line":67},"7":{"loc":{"start":{"line":68,"column":12},"end":{"line":91,"column":13}},"type":"if","locations":[{"start":{"line":68,"column":12},"end":{"line":91,"column":13}},{"start":{"line":68,"column":12},"end":{"line":91,"column":13}}],"line":68},"8":{"loc":{"start":{"line":78,"column":14},"end":{"line":80,"column":15}},"type":"if","locations":[{"start":{"line":78,"column":14},"end":{"line":80,"column":15}},{"start":{"line":78,"column":14},"end":{"line":80,"column":15}}],"line":78},"9":{"loc":{"start":{"line":78,"column":18},"end":{"line":78,"column":43}},"type":"binary-expr","locations":[{"start":{"line":78,"column":18},"end":{"line":78,"column":24}},{"start":{"line":78,"column":28},"end":{"line":78,"column":43}}],"line":78},"10":{"loc":{"start":{"line":88,"column":14},"end":{"line":90,"column":15}},"type":"if","locations":[{"start":{"line":88,"column":14},"end":{"line":90,"column":15}},{"start":{"line":88,"column":14},"end":{"line":90,"column":15}}],"line":88},"11":{"loc":{"start":{"line":88,"column":18},"end":{"line":88,"column":44}},"type":"binary-expr","locations":[{"start":{"line":88,"column":18},"end":{"line":88,"column":24}},{"start":{"line":88,"column":28},"end":{"line":88,"column":44}}],"line":88},"12":{"loc":{"start":{"line":107,"column":6},"end":{"line":120,"column":7}},"type":"if","locations":[{"start":{"line":107,"column":6},"end":{"line":120,"column":7}},{"start":{"line":107,"column":6},"end":{"line":120,"column":7}}],"line":107},"13":{"loc":{"start":{"line":108,"column":8},"end":{"line":109,"column":73}},"type":"binary-expr","locations":[{"start":{"line":108,"column":8},"end":{"line":108,"column":31}},{"start":{"line":109,"column":9},"end":{"line":109,"column":28}},{"start":{"line":109,"column":32},"end":{"line":109,"column":72}}],"line":108},"14":{"loc":{"start":{"line":130,"column":2},"end":{"line":134,"column":3}},"type":"if","locations":[{"start":{"line":130,"column":2},"end":{"line":134,"column":3}},{"start":{"line":130,"column":2},"end":{"line":134,"column":3}}],"line":130}},"s":{"0":0,"1":0,"2":0,"3":0,"4":0,"5":0,"6":0,"7":0,"8":0,"9":0,"10":0,"11":0,"12":0,"13":0,"14":0,"15":0,"16":0,"17":0,"18":0,"19":0,"20":0,"21":0,"22":0,"23":0,"24":0,"25":0,"26":0,"27":0,"28":0,"29":0,"30":0,"31":0,"32":0,"33":0,"34":0,"35":0,"36":0,"37":0},"f":{"0":0,"1":0,"2":0,"3":0,"4":0,"5":0,"6":0,"7":0,"8":0,"9":0,"10":0,"11":0,"12":0,"13":0,"14":0},"b":{"0":[0,0,0],"1":[0,0],"2":[0,0],"3":[0,0],"4":[0,0],"5":[0,0],"6":[0,0],"7":[0,0],"8":[0,0],"9":[0,0],"10":[0,0],"11":[0,0],"12":[0,0],"13":[0,0,0],"14":[0,0]},"hash":"00277794d93268bd1f7effdee66f42d18eba33ba"}
,"/Users/davevazquez/Documents/001-workspace/003-Labs-20/speak-out-fe/client/src/actions/authenticationActions.js": {"path":"/Users/davevazquez/Documents/001-workspace/003-Labs-20/speak-out-fe/client/src/actions/authenticationActions.js","statementMap":{"0":{"start":{"line":4,"column":0},"end":{"line":4,"column":38}},"1":{"start":{"line":6,"column":30},"end":{"line":6,"column":46}},"2":{"start":{"line":7,"column":32},"end":{"line":7,"column":50}},"3":{"start":{"line":8,"column":32},"end":{"line":8,"column":50}},"4":{"start":{"line":10,"column":27},"end":{"line":10,"column":40}},"5":{"start":{"line":11,"column":29},"end":{"line":11,"column":44}},"6":{"start":{"line":12,"column":29},"end":{"line":12,"column":44}},"7":{"start":{"line":14,"column":28},"end":{"line":14,"column":42}},"8":{"start":{"line":15,"column":30},"end":{"line":15,"column":46}},"9":{"start":{"line":16,"column":30},"end":{"line":16,"column":46}},"10":{"start":{"line":18,"column":24},"end":{"line":39,"column":1}},"11":{"start":{"line":19,"column":1},"end":{"line":38,"column":3}},"12":{"start":{"line":20,"column":2},"end":{"line":20,"column":37}},"13":{"start":{"line":22,"column":2},"end":{"line":37,"column":6}},"14":{"start":{"line":26,"column":4},"end":{"line":26,"column":60}},"15":{"start":{"line":27,"column":4},"end":{"line":31,"column":5}},"16":{"start":{"line":28,"column":5},"end":{"line":28,"column":28}},"17":{"start":{"line":29,"column":11},"end":{"line":31,"column":5}},"18":{"start":{"line":30,"column":5},"end":{"line":30,"column":32}},"19":{"start":{"line":35,"column":27},"end":{"line":35,"column":31}},"20":{"start":{"line":36,"column":4},"end":{"line":36,"column":68}},"21":{"start":{"line":41,"column":21},"end":{"line":59,"column":1}},"22":{"start":{"line":42,"column":1},"end":{"line":58,"column":3}},"23":{"start":{"line":43,"column":2},"end":{"line":43,"column":34}},"24":{"start":{"line":45,"column":2},"end":{"line":57,"column":6}},"25":{"start":{"line":50,"column":4},"end":{"line":50,"column":57}},"26":{"start":{"line":51,"column":4},"end":{"line":51,"column":57}},"27":{"start":{"line":52,"column":4},"end":{"line":52,"column":31}},"28":{"start":{"line":56,"column":4},"end":{"line":56,"column":56}},"29":{"start":{"line":61,"column":22},"end":{"line":77,"column":1}},"30":{"start":{"line":62,"column":1},"end":{"line":76,"column":3}},"31":{"start":{"line":63,"column":2},"end":{"line":63,"column":35}},"32":{"start":{"line":65,"column":2},"end":{"line":75,"column":6}},"33":{"start":{"line":68,"column":4},"end":{"line":68,"column":58}},"34":{"start":{"line":69,"column":4},"end":{"line":69,"column":40}},"35":{"start":{"line":70,"column":4},"end":{"line":70,"column":22}},"36":{"start":{"line":74,"column":4},"end":{"line":74,"column":57}}},"fnMap":{"0":{"name":"(anonymous_0)","decl":{"start":{"line":18,"column":24},"end":{"line":18,"column":25}},"loc":{"start":{"line":18,"column":47},"end":{"line":39,"column":1}},"line":18},"1":{"name":"(anonymous_1)","decl":{"start":{"line":19,"column":8},"end":{"line":19,"column":9}},"loc":{"start":{"line":19,"column":20},"end":{"line":38,"column":2}},"line":19},"2":{"name":"(anonymous_2)","decl":{"start":{"line":24,"column":9},"end":{"line":24,"column":10}},"loc":{"start":{"line":24,"column":16},"end":{"line":32,"column":4}},"line":24},"3":{"name":"(anonymous_3)","decl":{"start":{"line":33,"column":10},"end":{"line":33,"column":11}},"loc":{"start":{"line":33,"column":17},"end":{"line":37,"column":4}},"line":33},"4":{"name":"(anonymous_4)","decl":{"start":{"line":41,"column":21},"end":{"line":41,"column":22}},"loc":{"start":{"line":41,"column":40},"end":{"line":59,"column":1}},"line":41},"5":{"name":"(anonymous_5)","decl":{"start":{"line":42,"column":8},"end":{"line":42,"column":9}},"loc":{"start":{"line":42,"column":20},"end":{"line":58,"column":2}},"line":42},"6":{"name":"(anonymous_6)","decl":{"start":{"line":47,"column":9},"end":{"line":47,"column":10}},"loc":{"start":{"line":47,"column":16},"end":{"line":53,"column":4}},"line":47},"7":{"name":"(anonymous_7)","decl":{"start":{"line":54,"column":10},"end":{"line":54,"column":11}},"loc":{"start":{"line":54,"column":17},"end":{"line":57,"column":4}},"line":54},"8":{"name":"(anonymous_8)","decl":{"start":{"line":61,"column":22},"end":{"line":61,"column":23}},"loc":{"start":{"line":61,"column":33},"end":{"line":77,"column":1}},"line":61},"9":{"name":"(anonymous_9)","decl":{"start":{"line":62,"column":8},"end":{"line":62,"column":9}},"loc":{"start":{"line":62,"column":20},"end":{"line":76,"column":2}},"line":62},"10":{"name":"(anonymous_10)","decl":{"start":{"line":67,"column":9},"end":{"line":67,"column":10}},"loc":{"start":{"line":67,"column":16},"end":{"line":71,"column":4}},"line":67},"11":{"name":"(anonymous_11)","decl":{"start":{"line":72,"column":10},"end":{"line":72,"column":11}},"loc":{"start":{"line":72,"column":17},"end":{"line":75,"column":4}},"line":72}},"branchMap":{"0":{"loc":{"start":{"line":27,"column":4},"end":{"line":31,"column":5}},"type":"if","locations":[{"start":{"line":27,"column":4},"end":{"line":31,"column":5}},{"start":{"line":27,"column":4},"end":{"line":31,"column":5}}],"line":27},"1":{"loc":{"start":{"line":27,"column":8},"end":{"line":27,"column":69}},"type":"binary-expr","locations":[{"start":{"line":27,"column":8},"end":{"line":27,"column":31}},{"start":{"line":27,"column":35},"end":{"line":27,"column":69}}],"line":27},"2":{"loc":{"start":{"line":29,"column":11},"end":{"line":31,"column":5}},"type":"if","locations":[{"start":{"line":29,"column":11},"end":{"line":31,"column":5}},{"start":{"line":29,"column":11},"end":{"line":31,"column":5}}],"line":29}},"s":{"0":0,"1":0,"2":0,"3":0,"4":0,"5":0,"6":0,"7":0,"8":0,"9":0,"10":0,"11":0,"12":0,"13":0,"14":0,"15":0,"16":0,"17":0,"18":0,"19":0,"20":0,"21":0,"22":0,"23":0,"24":0,"25":0,"26":0,"27":0,"28":0,"29":0,"30":0,"31":0,"32":0,"33":0,"34":0,"35":0,"36":0},"f":{"0":0,"1":0,"2":0,"3":0,"4":0,"5":0,"6":0,"7":0,"8":0,"9":0,"10":0,"11":0},"b":{"0":[0,0],"1":[0,0],"2":[0,0]},"hash":"fa705a741af786e9f4152e9455a4745a2fc08cf0"}
,"/Users/davevazquez/Documents/001-workspace/003-Labs-20/speak-out-fe/client/src/actions/index.js": {"path":"/Users/davevazquez/Documents/001-workspace/003-Labs-20/speak-out-fe/client/src/actions/index.js","statementMap":{},"fnMap":{},"branchMap":{},"s":{},"f":{},"b":{},"hash":"dc28c242bb7dedac72ffacf75e60c35732831f9b"}
,"/Users/davevazquez/Documents/001-workspace/003-Labs-20/speak-out-fe/client/src/actions/registrationActions.js": {"path":"/Users/davevazquez/Documents/001-workspace/003-Labs-20/speak-out-fe/client/src/actions/registrationActions.js","statementMap":{"0":{"start":{"line":4,"column":37},"end":{"line":4,"column":60}},"1":{"start":{"line":5,"column":39},"end":{"line":5,"column":64}},"2":{"start":{"line":6,"column":39},"end":{"line":6,"column":64}},"3":{"start":{"line":7,"column":30},"end":{"line":20,"column":1}},"4":{"start":{"line":8,"column":1},"end":{"line":19,"column":3}},"5":{"start":{"line":9,"column":2},"end":{"line":9,"column":44}},"6":{"start":{"line":10,"column":2},"end":{"line":18,"column":6}},"7":{"start":{"line":13,"column":4},"end":{"line":13,"column":67}},"8":{"start":{"line":17,"column":4},"end":{"line":17,"column":70}}},"fnMap":{"0":{"name":"(anonymous_0)","decl":{"start":{"line":7,"column":30},"end":{"line":7,"column":31}},"loc":{"start":{"line":7,"column":53},"end":{"line":20,"column":1}},"line":7},"1":{"name":"(anonymous_1)","decl":{"start":{"line":8,"column":8},"end":{"line":8,"column":9}},"loc":{"start":{"line":8,"column":20},"end":{"line":19,"column":2}},"line":8},"2":{"name":"(anonymous_2)","decl":{"start":{"line":12,"column":9},"end":{"line":12,"column":10}},"loc":{"start":{"line":12,"column":16},"end":{"line":15,"column":4}},"line":12},"3":{"name":"(anonymous_3)","decl":{"start":{"line":16,"column":10},"end":{"line":16,"column":11}},"loc":{"start":{"line":16,"column":17},"end":{"line":18,"column":4}},"line":16}},"branchMap":{},"s":{"0":0,"1":0,"2":0,"3":0,"4":0,"5":0,"6":0,"7":0,"8":0},"f":{"0":0,"1":0,"2":0,"3":0},"b":{},"hash":"fdd30d239831c99975fe4378a1b533b8a74416f5"}
,"/Users/davevazquez/Documents/001-workspace/003-Labs-20/speak-out-fe/client/src/actions/adminDashboardActions/attendanceActions.js": {"path":"/Users/davevazquez/Documents/001-workspace/003-Labs-20/speak-out-fe/client/src/actions/adminDashboardActions/attendanceActions.js","statementMap":{"0":{"start":{"line":4,"column":39},"end":{"line":4,"column":64}},"1":{"start":{"line":5,"column":41},"end":{"line":5,"column":68}},"2":{"start":{"line":6,"column":41},"end":{"line":6,"column":68}},"3":{"start":{"line":8,"column":37},"end":{"line":27,"column":1}},"4":{"start":{"line":8,"column":51},"end":{"line":27,"column":1}},"5":{"start":{"line":9,"column":1},"end":{"line":9,"column":45}},"6":{"start":{"line":10,"column":1},"end":{"line":26,"column":5}},"7":{"start":{"line":14,"column":3},"end":{"line":19,"column":4}},"8":{"start":{"line":15,"column":4},"end":{"line":18,"column":7}},"9":{"start":{"line":22,"column":3},"end":{"line":25,"column":6}}},"fnMap":{"0":{"name":"(anonymous_0)","decl":{"start":{"line":8,"column":37},"end":{"line":8,"column":38}},"loc":{"start":{"line":8,"column":51},"end":{"line":27,"column":1}},"line":8},"1":{"name":"(anonymous_1)","decl":{"start":{"line":8,"column":51},"end":{"line":8,"column":52}},"loc":{"start":{"line":8,"column":63},"end":{"line":27,"column":1}},"line":8},"2":{"name":"(anonymous_2)","decl":{"start":{"line":12,"column":8},"end":{"line":12,"column":9}},"loc":{"start":{"line":12,"column":15},"end":{"line":20,"column":3}},"line":12},"3":{"name":"(anonymous_3)","decl":{"start":{"line":21,"column":9},"end":{"line":21,"column":10}},"loc":{"start":{"line":21,"column":16},"end":{"line":26,"column":3}},"line":21}},"branchMap":{"0":{"loc":{"start":{"line":14,"column":3},"end":{"line":19,"column":4}},"type":"if","locations":[{"start":{"line":14,"column":3},"end":{"line":19,"column":4}},{"start":{"line":14,"column":3},"end":{"line":19,"column":4}}],"line":14}},"s":{"0":0,"1":0,"2":0,"3":0,"4":0,"5":0,"6":0,"7":0,"8":0,"9":0},"f":{"0":0,"1":0,"2":0,"3":0},"b":{"0":[0,0]},"hash":"40fa4099664eef380468431fba547b4ab71dd438"}
,"/Users/davevazquez/Documents/001-workspace/003-Labs-20/speak-out-fe/client/src/actions/adminDashboardActions/courseAction.js": {"path":"/Users/davevazquez/Documents/001-workspace/003-Labs-20/speak-out-fe/client/src/actions/adminDashboardActions/courseAction.js","statementMap":{"0":{"start":{"line":4,"column":35},"end":{"line":4,"column":56}},"1":{"start":{"line":5,"column":37},"end":{"line":5,"column":60}},"2":{"start":{"line":6,"column":37},"end":{"line":6,"column":60}},"3":{"start":{"line":8,"column":30},"end":{"line":25,"column":1}},"4":{"start":{"line":8,"column":36},"end":{"line":25,"column":1}},"5":{"start":{"line":9,"column":2},"end":{"line":9,"column":42}},"6":{"start":{"line":10,"column":2},"end":{"line":24,"column":7}},"7":{"start":{"line":14,"column":6},"end":{"line":17,"column":9}},"8":{"start":{"line":20,"column":6},"end":{"line":23,"column":9}},"9":{"start":{"line":27,"column":38},"end":{"line":27,"column":62}},"10":{"start":{"line":28,"column":40},"end":{"line":28,"column":66}},"11":{"start":{"line":29,"column":40},"end":{"line":29,"column":66}},"12":{"start":{"line":31,"column":29},"end":{"line":48,"column":1}},"13":{"start":{"line":31,"column":35},"end":{"line":48,"column":1}},"14":{"start":{"line":32,"column":2},"end":{"line":32,"column":45}},"15":{"start":{"line":33,"column":2},"end":{"line":47,"column":7}},"16":{"start":{"line":37,"column":6},"end":{"line":40,"column":9}},"17":{"start":{"line":43,"column":6},"end":{"line":46,"column":9}},"18":{"start":{"line":50,"column":43},"end":{"line":50,"column":72}},"19":{"start":{"line":51,"column":45},"end":{"line":51,"column":76}},"20":{"start":{"line":52,"column":45},"end":{"line":52,"column":76}},"21":{"start":{"line":54,"column":34},"end":{"line":71,"column":1}},"22":{"start":{"line":54,"column":40},"end":{"line":71,"column":1}},"23":{"start":{"line":55,"column":2},"end":{"line":55,"column":50}},"24":{"start":{"line":56,"column":2},"end":{"line":70,"column":7}},"25":{"start":{"line":60,"column":6},"end":{"line":63,"column":9}},"26":{"start":{"line":66,"column":6},"end":{"line":69,"column":9}},"27":{"start":{"line":73,"column":32},"end":{"line":73,"column":50}},"28":{"start":{"line":74,"column":34},"end":{"line":74,"column":54}},"29":{"start":{"line":75,"column":34},"end":{"line":75,"column":54}},"30":{"start":{"line":77,"column":25},"end":{"line":116,"column":1}},"31":{"start":{"line":77,"column":35},"end":{"line":116,"column":1}},"32":{"start":{"line":88,"column":6},"end":{"line":88,"column":12}},"33":{"start":{"line":89,"column":20},"end":{"line":99,"column":3}},"34":{"start":{"line":102,"column":2},"end":{"line":102,"column":39}},"35":{"start":{"line":103,"column":2},"end":{"line":115,"column":7}},"36":{"start":{"line":107,"column":6},"end":{"line":110,"column":9}},"37":{"start":{"line":114,"column":6},"end":{"line":114,"column":59}},"38":{"start":{"line":118,"column":37},"end":{"line":118,"column":60}},"39":{"start":{"line":119,"column":41},"end":{"line":119,"column":68}},"40":{"start":{"line":120,"column":39},"end":{"line":120,"column":64}},"41":{"start":{"line":121,"column":39},"end":{"line":121,"column":64}},"42":{"start":{"line":123,"column":32},"end":{"line":130,"column":1}},"43":{"start":{"line":123,"column":57},"end":{"line":130,"column":1}},"44":{"start":{"line":124,"column":2},"end":{"line":126,"column":3}},"45":{"start":{"line":125,"column":4},"end":{"line":125,"column":53}},"46":{"start":{"line":127,"column":2},"end":{"line":129,"column":3}},"47":{"start":{"line":128,"column":4},"end":{"line":128,"column":57}},"48":{"start":{"line":132,"column":30},"end":{"line":147,"column":1}},"49":{"start":{"line":132,"column":52},"end":{"line":147,"column":1}},"50":{"start":{"line":133,"column":2},"end":{"line":146,"column":7}},"51":{"start":{"line":136,"column":6},"end":{"line":139,"column":9}},"52":{"start":{"line":142,"column":6},"end":{"line":145,"column":9}},"53":{"start":{"line":149,"column":39},"end":{"line":149,"column":62}},"54":{"start":{"line":150,"column":41},"end":{"line":150,"column":66}},"55":{"start":{"line":151,"column":41},"end":{"line":151,"column":66}},"56":{"start":{"line":153,"column":32},"end":{"line":171,"column":1}},"57":{"start":{"line":153,"column":45},"end":{"line":171,"column":1}},"58":{"start":{"line":154,"column":2},"end":{"line":156,"column":5}},"59":{"start":{"line":157,"column":2},"end":{"line":170,"column":7}},"60":{"start":{"line":160,"column":6},"end":{"line":163,"column":9}},"61":{"start":{"line":166,"column":6},"end":{"line":169,"column":9}},"62":{"start":{"line":174,"column":2},"end":{"line":174,"column":36}},"63":{"start":{"line":176,"column":2},"end":{"line":176,"column":38}},"64":{"start":{"line":178,"column":2},"end":{"line":178,"column":38}},"65":{"start":{"line":180,"column":41},"end":{"line":197,"column":1}},"66":{"start":{"line":180,"column":54},"end":{"line":197,"column":1}},"67":{"start":{"line":181,"column":2},"end":{"line":181,"column":55}},"68":{"start":{"line":182,"column":2},"end":{"line":196,"column":7}},"69":{"start":{"line":186,"column":6},"end":{"line":189,"column":9}},"70":{"start":{"line":192,"column":6},"end":{"line":195,"column":9}},"71":{"start":{"line":199,"column":34},"end":{"line":199,"column":54}},"72":{"start":{"line":200,"column":33},"end":{"line":263,"column":1}},"73":{"start":{"line":200,"column":47},"end":{"line":263,"column":1}},"74":{"start":{"line":201,"column":2},"end":{"line":204,"column":5}},"75":{"start":{"line":205,"column":2},"end":{"line":205,"column":42}},"76":{"start":{"line":206,"column":2},"end":{"line":262,"column":7}},"77":{"start":{"line":210,"column":6},"end":{"line":210,"column":44}},"78":{"start":{"line":211,"column":23},"end":{"line":211,"column":31}},"79":{"start":{"line":212,"column":6},"end":{"line":250,"column":9}},"80":{"start":{"line":213,"column":8},"end":{"line":215,"column":9}},"81":{"start":{"line":214,"column":10},"end":{"line":214,"column":22}},"82":{"start":{"line":216,"column":8},"end":{"line":218,"column":9}},"83":{"start":{"line":217,"column":10},"end":{"line":217,"column":22}},"84":{"start":{"line":219,"column":8},"end":{"line":224,"column":9}},"85":{"start":{"line":223,"column":10},"end":{"line":223,"column":22}},"86":{"start":{"line":225,"column":8},"end":{"line":230,"column":9}},"87":{"start":{"line":229,"column":10},"end":{"line":229,"column":22}},"88":{"start":{"line":231,"column":8},"end":{"line":236,"column":9}},"89":{"start":{"line":235,"column":10},"end":{"line":235,"column":22}},"90":{"start":{"line":237,"column":8},"end":{"line":239,"column":9}},"91":{"start":{"line":238,"column":10},"end":{"line":238,"column":22}},"92":{"start":{"line":240,"column":8},"end":{"line":245,"column":9}},"93":{"start":{"line":244,"column":10},"end":{"line":244,"column":22}},"94":{"start":{"line":246,"column":8},"end":{"line":248,"column":9}},"95":{"start":{"line":247,"column":10},"end":{"line":247,"column":22}},"96":{"start":{"line":249,"column":8},"end":{"line":249,"column":21}},"97":{"start":{"line":251,"column":6},"end":{"line":254,"column":9}},"98":{"start":{"line":258,"column":6},"end":{"line":261,"column":9}}},"fnMap":{"0":{"name":"(anonymous_0)","decl":{"start":{"line":8,"column":30},"end":{"line":8,"column":31}},"loc":{"start":{"line":8,"column":36},"end":{"line":25,"column":1}},"line":8},"1":{"name":"(anonymous_1)","decl":{"start":{"line":8,"column":36},"end":{"line":8,"column":37}},"loc":{"start":{"line":8,"column":48},"end":{"line":25,"column":1}},"line":8},"2":{"name":"(anonymous_2)","decl":{"start":{"line":12,"column":10},"end":{"line":12,"column":11}},"loc":{"start":{"line":12,"column":17},"end":{"line":18,"column":5}},"line":12},"3":{"name":"(anonymous_3)","decl":{"start":{"line":19,"column":11},"end":{"line":19,"column":12}},"loc":{"start":{"line":19,"column":18},"end":{"line":24,"column":5}},"line":19},"4":{"name":"(anonymous_4)","decl":{"start":{"line":31,"column":29},"end":{"line":31,"column":30}},"loc":{"start":{"line":31,"column":35},"end":{"line":48,"column":1}},"line":31},"5":{"name":"(anonymous_5)","decl":{"start":{"line":31,"column":35},"end":{"line":31,"column":36}},"loc":{"start":{"line":31,"column":47},"end":{"line":48,"column":1}},"line":31},"6":{"name":"(anonymous_6)","decl":{"start":{"line":35,"column":10},"end":{"line":35,"column":11}},"loc":{"start":{"line":35,"column":17},"end":{"line":41,"column":5}},"line":35},"7":{"name":"(anonymous_7)","decl":{"start":{"line":42,"column":11},"end":{"line":42,"column":12}},"loc":{"start":{"line":42,"column":18},"end":{"line":47,"column":5}},"line":42},"8":{"name":"(anonymous_8)","decl":{"start":{"line":54,"column":34},"end":{"line":54,"column":35}},"loc":{"start":{"line":54,"column":40},"end":{"line":71,"column":1}},"line":54},"9":{"name":"(anonymous_9)","decl":{"start":{"line":54,"column":40},"end":{"line":54,"column":41}},"loc":{"start":{"line":54,"column":52},"end":{"line":71,"column":1}},"line":54},"10":{"name":"(anonymous_10)","decl":{"start":{"line":58,"column":10},"end":{"line":58,"column":11}},"loc":{"start":{"line":58,"column":17},"end":{"line":64,"column":5}},"line":58},"11":{"name":"(anonymous_11)","decl":{"start":{"line":65,"column":11},"end":{"line":65,"column":12}},"loc":{"start":{"line":65,"column":18},"end":{"line":70,"column":5}},"line":65},"12":{"name":"(anonymous_12)","decl":{"start":{"line":77,"column":25},"end":{"line":77,"column":26}},"loc":{"start":{"line":77,"column":35},"end":{"line":116,"column":1}},"line":77},"13":{"name":"(anonymous_13)","decl":{"start":{"line":77,"column":35},"end":{"line":77,"column":36}},"loc":{"start":{"line":77,"column":47},"end":{"line":116,"column":1}},"line":77},"14":{"name":"(anonymous_14)","decl":{"start":{"line":105,"column":10},"end":{"line":105,"column":11}},"loc":{"start":{"line":105,"column":17},"end":{"line":111,"column":5}},"line":105},"15":{"name":"(anonymous_15)","decl":{"start":{"line":112,"column":11},"end":{"line":112,"column":12}},"loc":{"start":{"line":112,"column":18},"end":{"line":115,"column":5}},"line":112},"16":{"name":"(anonymous_16)","decl":{"start":{"line":123,"column":32},"end":{"line":123,"column":33}},"loc":{"start":{"line":123,"column":57},"end":{"line":130,"column":1}},"line":123},"17":{"name":"(anonymous_17)","decl":{"start":{"line":123,"column":57},"end":{"line":123,"column":58}},"loc":{"start":{"line":123,"column":69},"end":{"line":130,"column":1}},"line":123},"18":{"name":"(anonymous_18)","decl":{"start":{"line":132,"column":30},"end":{"line":132,"column":31}},"loc":{"start":{"line":132,"column":52},"end":{"line":147,"column":1}},"line":132},"19":{"name":"(anonymous_19)","decl":{"start":{"line":132,"column":52},"end":{"line":132,"column":53}},"loc":{"start":{"line":132,"column":64},"end":{"line":147,"column":1}},"line":132},"20":{"name":"(anonymous_20)","decl":{"start":{"line":135,"column":10},"end":{"line":135,"column":11}},"loc":{"start":{"line":135,"column":17},"end":{"line":140,"column":5}},"line":135},"21":{"name":"(anonymous_21)","decl":{"start":{"line":141,"column":11},"end":{"line":141,"column":12}},"loc":{"start":{"line":141,"column":18},"end":{"line":146,"column":5}},"line":141},"22":{"name":"(anonymous_22)","decl":{"start":{"line":153,"column":32},"end":{"line":153,"column":33}},"loc":{"start":{"line":153,"column":45},"end":{"line":171,"column":1}},"line":153},"23":{"name":"(anonymous_23)","decl":{"start":{"line":153,"column":45},"end":{"line":153,"column":46}},"loc":{"start":{"line":153,"column":57},"end":{"line":171,"column":1}},"line":153},"24":{"name":"(anonymous_24)","decl":{"start":{"line":159,"column":10},"end":{"line":159,"column":11}},"loc":{"start":{"line":159,"column":17},"end":{"line":164,"column":5}},"line":159},"25":{"name":"(anonymous_25)","decl":{"start":{"line":165,"column":11},"end":{"line":165,"column":12}},"loc":{"start":{"line":165,"column":18},"end":{"line":170,"column":5}},"line":165},"26":{"name":"(anonymous_26)","decl":{"start":{"line":180,"column":41},"end":{"line":180,"column":42}},"loc":{"start":{"line":180,"column":54},"end":{"line":197,"column":1}},"line":180},"27":{"name":"(anonymous_27)","decl":{"start":{"line":180,"column":54},"end":{"line":180,"column":55}},"loc":{"start":{"line":180,"column":66},"end":{"line":197,"column":1}},"line":180},"28":{"name":"(anonymous_28)","decl":{"start":{"line":184,"column":10},"end":{"line":184,"column":11}},"loc":{"start":{"line":184,"column":17},"end":{"line":190,"column":5}},"line":184},"29":{"name":"(anonymous_29)","decl":{"start":{"line":191,"column":11},"end":{"line":191,"column":12}},"loc":{"start":{"line":191,"column":18},"end":{"line":196,"column":5}},"line":191},"30":{"name":"(anonymous_30)","decl":{"start":{"line":200,"column":33},"end":{"line":200,"column":34}},"loc":{"start":{"line":200,"column":47},"end":{"line":263,"column":1}},"line":200},"31":{"name":"(anonymous_31)","decl":{"start":{"line":200,"column":47},"end":{"line":200,"column":48}},"loc":{"start":{"line":200,"column":59},"end":{"line":263,"column":1}},"line":200},"32":{"name":"(anonymous_32)","decl":{"start":{"line":208,"column":10},"end":{"line":208,"column":11}},"loc":{"start":{"line":208,"column":17},"end":{"line":255,"column":5}},"line":208},"33":{"name":"(anonymous_33)","decl":{"start":{"line":212,"column":37},"end":{"line":212,"column":38}},"loc":{"start":{"line":212,"column":47},"end":{"line":250,"column":7}},"line":212},"34":{"name":"(anonymous_34)","decl":{"start":{"line":256,"column":11},"end":{"line":256,"column":12}},"loc":{"start":{"line":256,"column":18},"end":{"line":262,"column":5}},"line":256}},"branchMap":{"0":{"loc":{"start":{"line":124,"column":2},"end":{"line":126,"column":3}},"type":"if","locations":[{"start":{"line":124,"column":2},"end":{"line":126,"column":3}},{"start":{"line":124,"column":2},"end":{"line":126,"column":3}}],"line":124},"1":{"loc":{"start":{"line":127,"column":2},"end":{"line":129,"column":3}},"type":"if","locations":[{"start":{"line":127,"column":2},"end":{"line":129,"column":3}},{"start":{"line":127,"column":2},"end":{"line":129,"column":3}}],"line":127},"2":{"loc":{"start":{"line":127,"column":6},"end":{"line":127,"column":51}},"type":"binary-expr","locations":[{"start":{"line":127,"column":6},"end":{"line":127,"column":27}},{"start":{"line":127,"column":31},"end":{"line":127,"column":51}}],"line":127},"3":{"loc":{"start":{"line":213,"column":8},"end":{"line":215,"column":9}},"type":"if","locations":[{"start":{"line":213,"column":8},"end":{"line":215,"column":9}},{"start":{"line":213,"column":8},"end":{"line":215,"column":9}}],"line":213},"4":{"loc":{"start":{"line":213,"column":12},"end":{"line":213,"column":77}},"type":"binary-expr","locations":[{"start":{"line":213,"column":12},"end":{"line":213,"column":28}},{"start":{"line":213,"column":32},"end":{"line":213,"column":77}}],"line":213},"5":{"loc":{"start":{"line":216,"column":8},"end":{"line":218,"column":9}},"type":"if","locations":[{"start":{"line":216,"column":8},"end":{"line":218,"column":9}},{"start":{"line":216,"column":8},"end":{"line":218,"column":9}}],"line":216},"6":{"loc":{"start":{"line":216,"column":12},"end":{"line":216,"column":70}},"type":"binary-expr","locations":[{"start":{"line":216,"column":12},"end":{"line":216,"column":23}},{"start":{"line":216,"column":27},"end":{"line":216,"column":70}}],"line":216},"7":{"loc":{"start":{"line":219,"column":8},"end":{"line":224,"column":9}},"type":"if","locations":[{"start":{"line":219,"column":8},"end":{"line":224,"column":9}},{"start":{"line":219,"column":8},"end":{"line":224,"column":9}}],"line":219},"8":{"loc":{"start":{"line":220,"column":10},"end":{"line":221,"column":60}},"type":"binary-expr","locations":[{"start":{"line":220,"column":10},"end":{"line":220,"column":28}},{"start":{"line":221,"column":10},"end":{"line":221,"column":60}}],"line":220},"9":{"loc":{"start":{"line":225,"column":8},"end":{"line":230,"column":9}},"type":"if","locations":[{"start":{"line":225,"column":8},"end":{"line":230,"column":9}},{"start":{"line":225,"column":8},"end":{"line":230,"column":9}}],"line":225},"10":{"loc":{"start":{"line":226,"column":10},"end":{"line":227,"column":59}},"type":"binary-expr","locations":[{"start":{"line":226,"column":10},"end":{"line":226,"column":27}},{"start":{"line":227,"column":10},"end":{"line":227,"column":59}}],"line":226},"11":{"loc":{"start":{"line":231,"column":8},"end":{"line":236,"column":9}},"type":"if","locations":[{"start":{"line":231,"column":8},"end":{"line":236,"column":9}},{"start":{"line":231,"column":8},"end":{"line":236,"column":9}}],"line":231},"12":{"loc":{"start":{"line":232,"column":10},"end":{"line":233,"column":61}},"type":"binary-expr","locations":[{"start":{"line":232,"column":10},"end":{"line":232,"column":29}},{"start":{"line":233,"column":10},"end":{"line":233,"column":61}}],"line":232},"13":{"loc":{"start":{"line":237,"column":8},"end":{"line":239,"column":9}},"type":"if","locations":[{"start":{"line":237,"column":8},"end":{"line":239,"column":9}},{"start":{"line":237,"column":8},"end":{"line":239,"column":9}}],"line":237},"14":{"loc":{"start":{"line":237,"column":12},"end":{"line":237,"column":72}},"type":"binary-expr","locations":[{"start":{"line":237,"column":12},"end":{"line":237,"column":24}},{"start":{"line":237,"column":28},"end":{"line":237,"column":72}}],"line":237},"15":{"loc":{"start":{"line":240,"column":8},"end":{"line":245,"column":9}},"type":"if","locations":[{"start":{"line":240,"column":8},"end":{"line":245,"column":9}},{"start":{"line":240,"column":8},"end":{"line":245,"column":9}}],"line":240},"16":{"loc":{"start":{"line":241,"column":10},"end":{"line":242,"column":64}},"type":"binary-expr","locations":[{"start":{"line":241,"column":10},"end":{"line":241,"column":32}},{"start":{"line":242,"column":10},"end":{"line":242,"column":64}}],"line":241},"17":{"loc":{"start":{"line":246,"column":8},"end":{"line":248,"column":9}},"type":"if","locations":[{"start":{"line":246,"column":8},"end":{"line":248,"column":9}},{"start":{"line":246,"column":8},"end":{"line":248,"column":9}}],"line":246},"18":{"loc":{"start":{"line":246,"column":12},"end":{"line":246,"column":76}},"type":"binary-expr","locations":[{"start":{"line":246,"column":12},"end":{"line":246,"column":26}},{"start":{"line":246,"column":30},"end":{"line":246,"column":76}}],"line":246}},"s":{"0":0,"1":0,"2":0,"3":0,"4":0,"5":0,"6":0,"7":0,"8":0,"9":0,"10":0,"11":0,"12":0,"13":0,"14":0,"15":0,"16":0,"17":0,"18":0,"19":0,"20":0,"21":0,"22":0,"23":0,"24":0,"25":0,"26":0,"27":0,"28":0,"29":0,"30":0,"31":0,"32":0,"33":0,"34":0,"35":0,"36":0,"37":0,"38":0,"39":0,"40":0,"41":0,"42":0,"43":0,"44":0,"45":0,"46":0,"47":0,"48":0,"49":0,"50":0,"51":0,"52":0,"53":0,"54":0,"55":0,"56":0,"57":0,"58":0,"59":0,"60":0,"61":0,"62":0,"63":0,"64":0,"65":0,"66":0,"67":0,"68":0,"69":0,"70":0,"71":0,"72":0,"73":0,"74":0,"75":0,"76":0,"77":0,"78":0,"79":0,"80":0,"81":0,"82":0,"83":0,"84":0,"85":0,"86":0,"87":0,"88":0,"89":0,"90":0,"91":0,"92":0,"93":0,"94":0,"95":0,"96":0,"97":0,"98":0},"f":{"0":0,"1":0,"2":0,"3":0,"4":0,"5":0,"6":0,"7":0,"8":0,"9":0,"10":0,"11":0,"12":0,"13":0,"14":0,"15":0,"16":0,"17":0,"18":0,"19":0,"20":0,"21":0,"22":0,"23":0,"24":0,"25":0,"26":0,"27":0,"28":0,"29":0,"30":0,"31":0,"32":0,"33":0,"34":0},"b":{"0":[0,0],"1":[0,0],"2":[0,0],"3":[0,0],"4":[0,0],"5":[0,0],"6":[0,0],"7":[0,0],"8":[0,0],"9":[0,0],"10":[0,0],"11":[0,0],"12":[0,0],"13":[0,0],"14":[0,0],"15":[0,0],"16":[0,0],"17":[0,0],"18":[0,0]},"hash":"14d355ed3771957d51015579ec72afb0c3d70670"}
,"/Users/davevazquez/Documents/001-workspace/003-Labs-20/speak-out-fe/client/src/actions/adminDashboardActions/deleteModalAction.js": {"path":"/Users/davevazquez/Documents/001-workspace/003-Labs-20/speak-out-fe/client/src/actions/adminDashboardActions/deleteModalAction.js","statementMap":{"0":{"start":{"line":1,"column":35},"end":{"line":1,"column":56}},"1":{"start":{"line":3,"column":33},"end":{"line":5,"column":1}},"2":{"start":{"line":4,"column":2},"end":{"line":4,"column":59}}},"fnMap":{"0":{"name":"(anonymous_0)","decl":{"start":{"line":3,"column":33},"end":{"line":3,"column":34}},"loc":{"start":{"line":3,"column":46},"end":{"line":5,"column":1}},"line":3}},"branchMap":{},"s":{"0":0,"1":0,"2":0},"f":{"0":0},"b":{},"hash":"51dc849016242903c6b097c261264d1196366b6b"}
,"/Users/davevazquez/Documents/001-workspace/003-Labs-20/speak-out-fe/client/src/actions/adminDashboardActions/parentAction.js": {"path":"/Users/davevazquez/Documents/001-workspace/003-Labs-20/speak-out-fe/client/src/actions/adminDashboardActions/parentAction.js","statementMap":{"0":{"start":{"line":4,"column":35},"end":{"line":4,"column":56}},"1":{"start":{"line":5,"column":37},"end":{"line":5,"column":60}},"2":{"start":{"line":6,"column":37},"end":{"line":6,"column":60}},"3":{"start":{"line":8,"column":30},"end":{"line":19,"column":1}},"4":{"start":{"line":8,"column":36},"end":{"line":19,"column":1}},"5":{"start":{"line":9,"column":1},"end":{"line":9,"column":41}},"6":{"start":{"line":10,"column":1},"end":{"line":18,"column":5}},"7":{"start":{"line":13,"column":3},"end":{"line":13,"column":74}},"8":{"start":{"line":17,"column":3},"end":{"line":17,"column":67}},"9":{"start":{"line":21,"column":38},"end":{"line":21,"column":62}},"10":{"start":{"line":22,"column":40},"end":{"line":22,"column":66}},"11":{"start":{"line":23,"column":40},"end":{"line":23,"column":66}},"12":{"start":{"line":25,"column":29},"end":{"line":41,"column":1}},"13":{"start":{"line":25,"column":35},"end":{"line":41,"column":1}},"14":{"start":{"line":26,"column":1},"end":{"line":26,"column":44}},"15":{"start":{"line":27,"column":1},"end":{"line":40,"column":5}},"16":{"start":{"line":30,"column":3},"end":{"line":33,"column":6}},"17":{"start":{"line":36,"column":3},"end":{"line":39,"column":6}},"18":{"start":{"line":43,"column":37},"end":{"line":43,"column":60}},"19":{"start":{"line":44,"column":39},"end":{"line":44,"column":64}},"20":{"start":{"line":45,"column":39},"end":{"line":45,"column":64}},"21":{"start":{"line":47,"column":32},"end":{"line":49,"column":1}},"22":{"start":{"line":47,"column":38},"end":{"line":49,"column":1}},"23":{"start":{"line":48,"column":1},"end":{"line":48,"column":43}},"24":{"start":{"line":51,"column":30},"end":{"line":66,"column":1}},"25":{"start":{"line":51,"column":45},"end":{"line":66,"column":1}},"26":{"start":{"line":52,"column":1},"end":{"line":65,"column":5}},"27":{"start":{"line":55,"column":3},"end":{"line":58,"column":6}},"28":{"start":{"line":61,"column":3},"end":{"line":64,"column":6}},"29":{"start":{"line":68,"column":45},"end":{"line":68,"column":76}},"30":{"start":{"line":70,"column":1},"end":{"line":70,"column":34}},"31":{"start":{"line":72,"column":1},"end":{"line":72,"column":34}},"32":{"start":{"line":74,"column":36},"end":{"line":92,"column":1}},"33":{"start":{"line":74,"column":49},"end":{"line":92,"column":1}},"34":{"start":{"line":76,"column":1},"end":{"line":76,"column":51}},"35":{"start":{"line":77,"column":1},"end":{"line":91,"column":5}},"36":{"start":{"line":81,"column":3},"end":{"line":84,"column":6}},"37":{"start":{"line":87,"column":3},"end":{"line":90,"column":6}},"38":{"start":{"line":94,"column":32},"end":{"line":94,"column":50}},"39":{"start":{"line":95,"column":34},"end":{"line":95,"column":54}},"40":{"start":{"line":96,"column":34},"end":{"line":96,"column":54}},"41":{"start":{"line":98,"column":40},"end":{"line":101,"column":1}},"42":{"start":{"line":98,"column":46},"end":{"line":101,"column":1}},"43":{"start":{"line":100,"column":1},"end":{"line":100,"column":38}},"44":{"start":{"line":103,"column":25},"end":{"line":115,"column":1}},"45":{"start":{"line":103,"column":35},"end":{"line":115,"column":1}},"46":{"start":{"line":105,"column":1},"end":{"line":114,"column":5}},"47":{"start":{"line":109,"column":3},"end":{"line":109,"column":42}},"48":{"start":{"line":113,"column":3},"end":{"line":113,"column":64}},"49":{"start":{"line":117,"column":33},"end":{"line":117,"column":52}},"50":{"start":{"line":118,"column":33},"end":{"line":163,"column":1}},"51":{"start":{"line":118,"column":47},"end":{"line":163,"column":1}},"52":{"start":{"line":119,"column":1},"end":{"line":119,"column":60}},"53":{"start":{"line":120,"column":1},"end":{"line":120,"column":41}},"54":{"start":{"line":121,"column":1},"end":{"line":162,"column":5}},"55":{"start":{"line":124,"column":3},"end":{"line":124,"column":41}},"56":{"start":{"line":125,"column":20},"end":{"line":125,"column":38}},"57":{"start":{"line":126,"column":3},"end":{"line":156,"column":6}},"58":{"start":{"line":127,"column":4},"end":{"line":132,"column":5}},"59":{"start":{"line":131,"column":5},"end":{"line":131,"column":17}},"60":{"start":{"line":133,"column":4},"end":{"line":138,"column":5}},"61":{"start":{"line":137,"column":5},"end":{"line":137,"column":17}},"62":{"start":{"line":139,"column":4},"end":{"line":141,"column":5}},"63":{"start":{"line":140,"column":5},"end":{"line":140,"column":17}},"64":{"start":{"line":142,"column":4},"end":{"line":147,"column":5}},"65":{"start":{"line":146,"column":5},"end":{"line":146,"column":17}},"66":{"start":{"line":149,"column":4},"end":{"line":154,"column":5}},"67":{"start":{"line":153,"column":5},"end":{"line":153,"column":17}},"68":{"start":{"line":155,"column":4},"end":{"line":155,"column":17}},"69":{"start":{"line":157,"column":3},"end":{"line":157,"column":66}},"70":{"start":{"line":161,"column":3},"end":{"line":161,"column":67}}},"fnMap":{"0":{"name":"(anonymous_0)","decl":{"start":{"line":8,"column":30},"end":{"line":8,"column":31}},"loc":{"start":{"line":8,"column":36},"end":{"line":19,"column":1}},"line":8},"1":{"name":"(anonymous_1)","decl":{"start":{"line":8,"column":36},"end":{"line":8,"column":37}},"loc":{"start":{"line":8,"column":48},"end":{"line":19,"column":1}},"line":8},"2":{"name":"(anonymous_2)","decl":{"start":{"line":12,"column":8},"end":{"line":12,"column":9}},"loc":{"start":{"line":12,"column":15},"end":{"line":14,"column":3}},"line":12},"3":{"name":"(anonymous_3)","decl":{"start":{"line":15,"column":9},"end":{"line":15,"column":10}},"loc":{"start":{"line":15,"column":16},"end":{"line":18,"column":3}},"line":15},"4":{"name":"(anonymous_4)","decl":{"start":{"line":25,"column":29},"end":{"line":25,"column":30}},"loc":{"start":{"line":25,"column":35},"end":{"line":41,"column":1}},"line":25},"5":{"name":"(anonymous_5)","decl":{"start":{"line":25,"column":35},"end":{"line":25,"column":36}},"loc":{"start":{"line":25,"column":47},"end":{"line":41,"column":1}},"line":25},"6":{"name":"(anonymous_6)","decl":{"start":{"line":29,"column":8},"end":{"line":29,"column":9}},"loc":{"start":{"line":29,"column":15},"end":{"line":34,"column":3}},"line":29},"7":{"name":"(anonymous_7)","decl":{"start":{"line":35,"column":9},"end":{"line":35,"column":10}},"loc":{"start":{"line":35,"column":16},"end":{"line":40,"column":3}},"line":35},"8":{"name":"(anonymous_8)","decl":{"start":{"line":47,"column":32},"end":{"line":47,"column":33}},"loc":{"start":{"line":47,"column":38},"end":{"line":49,"column":1}},"line":47},"9":{"name":"(anonymous_9)","decl":{"start":{"line":47,"column":38},"end":{"line":47,"column":39}},"loc":{"start":{"line":47,"column":50},"end":{"line":49,"column":1}},"line":47},"10":{"name":"(anonymous_10)","decl":{"start":{"line":51,"column":30},"end":{"line":51,"column":31}},"loc":{"start":{"line":51,"column":45},"end":{"line":66,"column":1}},"line":51},"11":{"name":"(anonymous_11)","decl":{"start":{"line":51,"column":45},"end":{"line":51,"column":46}},"loc":{"start":{"line":51,"column":57},"end":{"line":66,"column":1}},"line":51},"12":{"name":"(anonymous_12)","decl":{"start":{"line":54,"column":8},"end":{"line":54,"column":9}},"loc":{"start":{"line":54,"column":15},"end":{"line":59,"column":3}},"line":54},"13":{"name":"(anonymous_13)","decl":{"start":{"line":60,"column":9},"end":{"line":60,"column":10}},"loc":{"start":{"line":60,"column":16},"end":{"line":65,"column":3}},"line":60},"14":{"name":"(anonymous_14)","decl":{"start":{"line":74,"column":36},"end":{"line":74,"column":37}},"loc":{"start":{"line":74,"column":49},"end":{"line":92,"column":1}},"line":74},"15":{"name":"(anonymous_15)","decl":{"start":{"line":74,"column":49},"end":{"line":74,"column":50}},"loc":{"start":{"line":74,"column":61},"end":{"line":92,"column":1}},"line":74},"16":{"name":"(anonymous_16)","decl":{"start":{"line":79,"column":8},"end":{"line":79,"column":9}},"loc":{"start":{"line":79,"column":15},"end":{"line":85,"column":3}},"line":79},"17":{"name":"(anonymous_17)","decl":{"start":{"line":86,"column":9},"end":{"line":86,"column":10}},"loc":{"start":{"line":86,"column":16},"end":{"line":91,"column":3}},"line":86},"18":{"name":"(anonymous_18)","decl":{"start":{"line":98,"column":40},"end":{"line":98,"column":41}},"loc":{"start":{"line":98,"column":46},"end":{"line":101,"column":1}},"line":98},"19":{"name":"(anonymous_19)","decl":{"start":{"line":98,"column":46},"end":{"line":98,"column":47}},"loc":{"start":{"line":98,"column":58},"end":{"line":101,"column":1}},"line":98},"20":{"name":"(anonymous_20)","decl":{"start":{"line":103,"column":25},"end":{"line":103,"column":26}},"loc":{"start":{"line":103,"column":35},"end":{"line":115,"column":1}},"line":103},"21":{"name":"(anonymous_21)","decl":{"start":{"line":103,"column":35},"end":{"line":103,"column":36}},"loc":{"start":{"line":103,"column":47},"end":{"line":115,"column":1}},"line":103},"22":{"name":"(anonymous_22)","decl":{"start":{"line":107,"column":8},"end":{"line":107,"column":9}},"loc":{"start":{"line":107,"column":15},"end":{"line":110,"column":3}},"line":107},"23":{"name":"(anonymous_23)","decl":{"start":{"line":111,"column":9},"end":{"line":111,"column":10}},"loc":{"start":{"line":111,"column":16},"end":{"line":114,"column":3}},"line":111},"24":{"name":"(anonymous_24)","decl":{"start":{"line":118,"column":33},"end":{"line":118,"column":34}},"loc":{"start":{"line":118,"column":47},"end":{"line":163,"column":1}},"line":118},"25":{"name":"(anonymous_25)","decl":{"start":{"line":118,"column":47},"end":{"line":118,"column":48}},"loc":{"start":{"line":118,"column":59},"end":{"line":163,"column":1}},"line":118},"26":{"name":"(anonymous_26)","decl":{"start":{"line":123,"column":8},"end":{"line":123,"column":9}},"loc":{"start":{"line":123,"column":15},"end":{"line":158,"column":3}},"line":123},"27":{"name":"(anonymous_27)","decl":{"start":{"line":126,"column":34},"end":{"line":126,"column":35}},"loc":{"start":{"line":126,"column":44},"end":{"line":156,"column":4}},"line":126},"28":{"name":"(anonymous_28)","decl":{"start":{"line":159,"column":9},"end":{"line":159,"column":10}},"loc":{"start":{"line":159,"column":16},"end":{"line":162,"column":3}},"line":159}},"branchMap":{"0":{"loc":{"start":{"line":127,"column":4},"end":{"line":132,"column":5}},"type":"if","locations":[{"start":{"line":127,"column":4},"end":{"line":132,"column":5}},{"start":{"line":127,"column":4},"end":{"line":132,"column":5}}],"line":127},"1":{"loc":{"start":{"line":128,"column":5},"end":{"line":129,"column":55}},"type":"binary-expr","locations":[{"start":{"line":128,"column":5},"end":{"line":128,"column":23}},{"start":{"line":129,"column":5},"end":{"line":129,"column":55}}],"line":128},"2":{"loc":{"start":{"line":133,"column":4},"end":{"line":138,"column":5}},"type":"if","locations":[{"start":{"line":133,"column":4},"end":{"line":138,"column":5}},{"start":{"line":133,"column":4},"end":{"line":138,"column":5}}],"line":133},"3":{"loc":{"start":{"line":134,"column":5},"end":{"line":135,"column":55}},"type":"binary-expr","locations":[{"start":{"line":134,"column":5},"end":{"line":134,"column":23}},{"start":{"line":135,"column":5},"end":{"line":135,"column":55}}],"line":134},"4":{"loc":{"start":{"line":139,"column":4},"end":{"line":141,"column":5}},"type":"if","locations":[{"start":{"line":139,"column":4},"end":{"line":141,"column":5}},{"start":{"line":139,"column":4},"end":{"line":141,"column":5}}],"line":139},"5":{"loc":{"start":{"line":139,"column":8},"end":{"line":139,"column":59}},"type":"binary-expr","locations":[{"start":{"line":139,"column":8},"end":{"line":139,"column":17}},{"start":{"line":139,"column":21},"end":{"line":139,"column":59}}],"line":139},"6":{"loc":{"start":{"line":142,"column":4},"end":{"line":147,"column":5}},"type":"if","locations":[{"start":{"line":142,"column":4},"end":{"line":147,"column":5}},{"start":{"line":142,"column":4},"end":{"line":147,"column":5}}],"line":142},"7":{"loc":{"start":{"line":143,"column":5},"end":{"line":144,"column":58}},"type":"binary-expr","locations":[{"start":{"line":143,"column":5},"end":{"line":143,"column":29}},{"start":{"line":144,"column":5},"end":{"line":144,"column":58}}],"line":143},"8":{"loc":{"start":{"line":149,"column":4},"end":{"line":154,"column":5}},"type":"if","locations":[{"start":{"line":149,"column":4},"end":{"line":154,"column":5}},{"start":{"line":149,"column":4},"end":{"line":154,"column":5}}],"line":149},"9":{"loc":{"start":{"line":150,"column":5},"end":{"line":151,"column":60}},"type":"binary-expr","locations":[{"start":{"line":150,"column":5},"end":{"line":150,"column":31}},{"start":{"line":151,"column":5},"end":{"line":151,"column":60}}],"line":150}},"s":{"0":0,"1":0,"2":0,"3":0,"4":0,"5":0,"6":0,"7":0,"8":0,"9":0,"10":0,"11":0,"12":0,"13":0,"14":0,"15":0,"16":0,"17":0,"18":0,"19":0,"20":0,"21":0,"22":0,"23":0,"24":0,"25":0,"26":0,"27":0,"28":0,"29":0,"30":0,"31":0,"32":0,"33":0,"34":0,"35":0,"36":0,"37":0,"38":0,"39":0,"40":0,"41":0,"42":0,"43":0,"44":0,"45":0,"46":0,"47":0,"48":0,"49":0,"50":0,"51":0,"52":0,"53":0,"54":0,"55":0,"56":0,"57":0,"58":0,"59":0,"60":0,"61":0,"62":0,"63":0,"64":0,"65":0,"66":0,"67":0,"68":0,"69":0,"70":0},"f":{"0":0,"1":0,"2":0,"3":0,"4":0,"5":0,"6":0,"7":0,"8":0,"9":0,"10":0,"11":0,"12":0,"13":0,"14":0,"15":0,"16":0,"17":0,"18":0,"19":0,"20":0,"21":0,"22":0,"23":0,"24":0,"25":0,"26":0,"27":0,"28":0},"b":{"0":[0,0],"1":[0,0],"2":[0,0],"3":[0,0],"4":[0,0],"5":[0,0],"6":[0,0],"7":[0,0],"8":[0,0],"9":[0,0]},"hash":"417229df5c611bf8c81b6f49631cf31896019e80"}
,"/Users/davevazquez/Documents/001-workspace/003-Labs-20/speak-out-fe/client/src/actions/adminDashboardActions/placementTestAction.js": {"path":"/Users/davevazquez/Documents/001-workspace/003-Labs-20/speak-out-fe/client/src/actions/adminDashboardActions/placementTestAction.js","statementMap":{"0":{"start":{"line":4,"column":42},"end":{"line":4,"column":70}},"1":{"start":{"line":5,"column":44},"end":{"line":5,"column":74}},"2":{"start":{"line":6,"column":44},"end":{"line":6,"column":74}},"3":{"start":{"line":8,"column":33},"end":{"line":22,"column":1}},"4":{"start":{"line":8,"column":39},"end":{"line":22,"column":1}},"5":{"start":{"line":9,"column":1},"end":{"line":9,"column":48}},"6":{"start":{"line":10,"column":1},"end":{"line":21,"column":5}},"7":{"start":{"line":13,"column":3},"end":{"line":16,"column":6}},"8":{"start":{"line":20,"column":3},"end":{"line":20,"column":74}},"9":{"start":{"line":24,"column":46},"end":{"line":24,"column":78}},"10":{"start":{"line":26,"column":1},"end":{"line":26,"column":35}},"11":{"start":{"line":28,"column":1},"end":{"line":28,"column":35}},"12":{"start":{"line":30,"column":36},"end":{"line":46,"column":1}},"13":{"start":{"line":30,"column":42},"end":{"line":46,"column":1}},"14":{"start":{"line":31,"column":1},"end":{"line":31,"column":52}},"15":{"start":{"line":32,"column":1},"end":{"line":45,"column":5}},"16":{"start":{"line":35,"column":3},"end":{"line":38,"column":6}},"17":{"start":{"line":41,"column":3},"end":{"line":44,"column":6}},"18":{"start":{"line":48,"column":45},"end":{"line":48,"column":76}},"19":{"start":{"line":50,"column":1},"end":{"line":50,"column":34}},"20":{"start":{"line":52,"column":1},"end":{"line":52,"column":34}},"21":{"start":{"line":54,"column":35},"end":{"line":56,"column":1}},"22":{"start":{"line":54,"column":41},"end":{"line":56,"column":1}},"23":{"start":{"line":55,"column":1},"end":{"line":55,"column":51}},"24":{"start":{"line":58,"column":37},"end":{"line":74,"column":1}},"25":{"start":{"line":58,"column":52},"end":{"line":74,"column":1}},"26":{"start":{"line":59,"column":1},"end":{"line":73,"column":5}},"27":{"start":{"line":63,"column":3},"end":{"line":66,"column":6}},"28":{"start":{"line":69,"column":3},"end":{"line":72,"column":6}}},"fnMap":{"0":{"name":"(anonymous_0)","decl":{"start":{"line":8,"column":33},"end":{"line":8,"column":34}},"loc":{"start":{"line":8,"column":39},"end":{"line":22,"column":1}},"line":8},"1":{"name":"(anonymous_1)","decl":{"start":{"line":8,"column":39},"end":{"line":8,"column":40}},"loc":{"start":{"line":8,"column":51},"end":{"line":22,"column":1}},"line":8},"2":{"name":"(anonymous_2)","decl":{"start":{"line":12,"column":8},"end":{"line":12,"column":9}},"loc":{"start":{"line":12,"column":15},"end":{"line":17,"column":3}},"line":12},"3":{"name":"(anonymous_3)","decl":{"start":{"line":18,"column":9},"end":{"line":18,"column":10}},"loc":{"start":{"line":18,"column":16},"end":{"line":21,"column":3}},"line":18},"4":{"name":"(anonymous_4)","decl":{"start":{"line":30,"column":36},"end":{"line":30,"column":37}},"loc":{"start":{"line":30,"column":42},"end":{"line":46,"column":1}},"line":30},"5":{"name":"(anonymous_5)","decl":{"start":{"line":30,"column":42},"end":{"line":30,"column":43}},"loc":{"start":{"line":30,"column":54},"end":{"line":46,"column":1}},"line":30},"6":{"name":"(anonymous_6)","decl":{"start":{"line":34,"column":8},"end":{"line":34,"column":9}},"loc":{"start":{"line":34,"column":15},"end":{"line":39,"column":3}},"line":34},"7":{"name":"(anonymous_7)","decl":{"start":{"line":40,"column":9},"end":{"line":40,"column":10}},"loc":{"start":{"line":40,"column":16},"end":{"line":45,"column":3}},"line":40},"8":{"name":"(anonymous_8)","decl":{"start":{"line":54,"column":35},"end":{"line":54,"column":36}},"loc":{"start":{"line":54,"column":41},"end":{"line":56,"column":1}},"line":54},"9":{"name":"(anonymous_9)","decl":{"start":{"line":54,"column":41},"end":{"line":54,"column":42}},"loc":{"start":{"line":54,"column":53},"end":{"line":56,"column":1}},"line":54},"10":{"name":"(anonymous_10)","decl":{"start":{"line":58,"column":37},"end":{"line":58,"column":38}},"loc":{"start":{"line":58,"column":52},"end":{"line":74,"column":1}},"line":58},"11":{"name":"(anonymous_11)","decl":{"start":{"line":58,"column":52},"end":{"line":58,"column":53}},"loc":{"start":{"line":58,"column":64},"end":{"line":74,"column":1}},"line":58},"12":{"name":"(anonymous_12)","decl":{"start":{"line":61,"column":8},"end":{"line":61,"column":9}},"loc":{"start":{"line":61,"column":15},"end":{"line":67,"column":3}},"line":61},"13":{"name":"(anonymous_13)","decl":{"start":{"line":68,"column":9},"end":{"line":68,"column":10}},"loc":{"start":{"line":68,"column":16},"end":{"line":73,"column":3}},"line":68}},"branchMap":{},"s":{"0":0,"1":0,"2":0,"3":0,"4":0,"5":0,"6":0,"7":0,"8":0,"9":0,"10":0,"11":0,"12":0,"13":0,"14":0,"15":0,"16":0,"17":0,"18":0,"19":0,"20":0,"21":0,"22":0,"23":0,"24":0,"25":0,"26":0,"27":0,"28":0},"f":{"0":0,"1":0,"2":0,"3":0,"4":0,"5":0,"6":0,"7":0,"8":0,"9":0,"10":0,"11":0,"12":0,"13":0},"b":{},"hash":"04bcc988113479f13e55cf32ee38ce75012366ad"}
,"/Users/davevazquez/Documents/001-workspace/003-Labs-20/speak-out-fe/client/src/actions/adminDashboardActions/staffActions.js": {"path":"/Users/davevazquez/Documents/001-workspace/003-Labs-20/speak-out-fe/client/src/actions/adminDashboardActions/staffActions.js","statementMap":{"0":{"start":{"line":6,"column":33},"end":{"line":6,"column":52}},"1":{"start":{"line":7,"column":35},"end":{"line":7,"column":56}},"2":{"start":{"line":8,"column":35},"end":{"line":8,"column":56}},"3":{"start":{"line":9,"column":37},"end":{"line":9,"column":60}},"4":{"start":{"line":11,"column":29},"end":{"line":31,"column":1}},"5":{"start":{"line":11,"column":35},"end":{"line":31,"column":1}},"6":{"start":{"line":12,"column":2},"end":{"line":12,"column":40}},"7":{"start":{"line":13,"column":2},"end":{"line":30,"column":7}},"8":{"start":{"line":17,"column":18},"end":{"line":19,"column":8}},"9":{"start":{"line":18,"column":8},"end":{"line":18,"column":23}},"10":{"start":{"line":20,"column":6},"end":{"line":22,"column":9}},"11":{"start":{"line":21,"column":8},"end":{"line":21,"column":21}},"12":{"start":{"line":23,"column":30},"end":{"line":23,"column":53}},"13":{"start":{"line":24,"column":6},"end":{"line":24,"column":65}},"14":{"start":{"line":25,"column":6},"end":{"line":25,"column":74}},"15":{"start":{"line":29,"column":6},"end":{"line":29,"column":68}},"16":{"start":{"line":33,"column":37},"end":{"line":33,"column":60}},"17":{"start":{"line":34,"column":39},"end":{"line":34,"column":64}},"18":{"start":{"line":35,"column":39},"end":{"line":35,"column":64}},"19":{"start":{"line":37,"column":28},"end":{"line":55,"column":1}},"20":{"start":{"line":37,"column":34},"end":{"line":55,"column":1}},"21":{"start":{"line":38,"column":2},"end":{"line":38,"column":44}},"22":{"start":{"line":39,"column":2},"end":{"line":54,"column":7}},"23":{"start":{"line":43,"column":6},"end":{"line":46,"column":9}},"24":{"start":{"line":50,"column":6},"end":{"line":53,"column":9}},"25":{"start":{"line":57,"column":36},"end":{"line":57,"column":58}},"26":{"start":{"line":58,"column":38},"end":{"line":58,"column":62}},"27":{"start":{"line":59,"column":38},"end":{"line":59,"column":62}},"28":{"start":{"line":61,"column":40},"end":{"line":63,"column":1}},"29":{"start":{"line":61,"column":46},"end":{"line":63,"column":1}},"30":{"start":{"line":62,"column":2},"end":{"line":62,"column":43}},"31":{"start":{"line":65,"column":29},"end":{"line":80,"column":1}},"32":{"start":{"line":65,"column":44},"end":{"line":80,"column":1}},"33":{"start":{"line":66,"column":2},"end":{"line":79,"column":7}},"34":{"start":{"line":69,"column":6},"end":{"line":72,"column":9}},"35":{"start":{"line":75,"column":6},"end":{"line":78,"column":9}},"36":{"start":{"line":82,"column":31},"end":{"line":82,"column":48}},"37":{"start":{"line":83,"column":33},"end":{"line":83,"column":52}},"38":{"start":{"line":84,"column":33},"end":{"line":84,"column":52}},"39":{"start":{"line":86,"column":39},"end":{"line":88,"column":1}},"40":{"start":{"line":86,"column":45},"end":{"line":88,"column":1}},"41":{"start":{"line":87,"column":2},"end":{"line":87,"column":38}},"42":{"start":{"line":90,"column":24},"end":{"line":107,"column":1}},"43":{"start":{"line":90,"column":33},"end":{"line":107,"column":1}},"44":{"start":{"line":91,"column":28},"end":{"line":91,"column":33}},"45":{"start":{"line":92,"column":19},"end":{"line":96,"column":3}},"46":{"start":{"line":97,"column":2},"end":{"line":106,"column":7}},"47":{"start":{"line":100,"column":25},"end":{"line":100,"column":33}},"48":{"start":{"line":101,"column":6},"end":{"line":101,"column":65}},"49":{"start":{"line":105,"column":6},"end":{"line":105,"column":66}},"50":{"start":{"line":109,"column":34},"end":{"line":109,"column":54}},"51":{"start":{"line":110,"column":36},"end":{"line":110,"column":58}},"52":{"start":{"line":111,"column":36},"end":{"line":111,"column":58}},"53":{"start":{"line":113,"column":31},"end":{"line":126,"column":1}},"54":{"start":{"line":113,"column":37},"end":{"line":126,"column":1}},"55":{"start":{"line":114,"column":2},"end":{"line":114,"column":41}},"56":{"start":{"line":115,"column":2},"end":{"line":125,"column":7}},"57":{"start":{"line":119,"column":3},"end":{"line":119,"column":44}},"58":{"start":{"line":124,"column":6},"end":{"line":124,"column":69}},"59":{"start":{"line":128,"column":32},"end":{"line":128,"column":50}},"60":{"start":{"line":130,"column":32},"end":{"line":186,"column":1}},"61":{"start":{"line":130,"column":46},"end":{"line":186,"column":1}},"62":{"start":{"line":131,"column":2},"end":{"line":131,"column":60}},"63":{"start":{"line":132,"column":2},"end":{"line":132,"column":40}},"64":{"start":{"line":133,"column":2},"end":{"line":185,"column":7}},"65":{"start":{"line":136,"column":6},"end":{"line":136,"column":44}},"66":{"start":{"line":137,"column":22},"end":{"line":137,"column":30}},"67":{"start":{"line":138,"column":6},"end":{"line":179,"column":9}},"68":{"start":{"line":139,"column":8},"end":{"line":141,"column":9}},"69":{"start":{"line":140,"column":10},"end":{"line":140,"column":22}},"70":{"start":{"line":142,"column":8},"end":{"line":147,"column":9}},"71":{"start":{"line":146,"column":10},"end":{"line":146,"column":22}},"72":{"start":{"line":148,"column":8},"end":{"line":150,"column":9}},"73":{"start":{"line":149,"column":10},"end":{"line":149,"column":22}},"74":{"start":{"line":151,"column":8},"end":{"line":153,"column":9}},"75":{"start":{"line":152,"column":10},"end":{"line":152,"column":22}},"76":{"start":{"line":154,"column":8},"end":{"line":159,"column":9}},"77":{"start":{"line":158,"column":10},"end":{"line":158,"column":22}},"78":{"start":{"line":160,"column":8},"end":{"line":162,"column":9}},"79":{"start":{"line":161,"column":10},"end":{"line":161,"column":22}},"80":{"start":{"line":163,"column":8},"end":{"line":168,"column":9}},"81":{"start":{"line":167,"column":10},"end":{"line":167,"column":22}},"82":{"start":{"line":169,"column":8},"end":{"line":171,"column":9}},"83":{"start":{"line":170,"column":10},"end":{"line":170,"column":22}},"84":{"start":{"line":172,"column":8},"end":{"line":177,"column":9}},"85":{"start":{"line":176,"column":10},"end":{"line":176,"column":22}},"86":{"start":{"line":178,"column":8},"end":{"line":178,"column":21}},"87":{"start":{"line":180,"column":6},"end":{"line":180,"column":66}},"88":{"start":{"line":184,"column":6},"end":{"line":184,"column":68}}},"fnMap":{"0":{"name":"(anonymous_0)","decl":{"start":{"line":11,"column":29},"end":{"line":11,"column":30}},"loc":{"start":{"line":11,"column":35},"end":{"line":31,"column":1}},"line":11},"1":{"name":"(anonymous_1)","decl":{"start":{"line":11,"column":35},"end":{"line":11,"column":36}},"loc":{"start":{"line":11,"column":47},"end":{"line":31,"column":1}},"line":11},"2":{"name":"(anonymous_2)","decl":{"start":{"line":15,"column":10},"end":{"line":15,"column":11}},"loc":{"start":{"line":15,"column":17},"end":{"line":26,"column":5}},"line":15},"3":{"name":"(anonymous_3)","decl":{"start":{"line":17,"column":31},"end":{"line":17,"column":32}},"loc":{"start":{"line":17,"column":39},"end":{"line":19,"column":7}},"line":17},"4":{"name":"(anonymous_4)","decl":{"start":{"line":20,"column":15},"end":{"line":20,"column":16}},"loc":{"start":{"line":20,"column":25},"end":{"line":22,"column":7}},"line":20},"5":{"name":"(anonymous_5)","decl":{"start":{"line":27,"column":11},"end":{"line":27,"column":12}},"loc":{"start":{"line":27,"column":18},"end":{"line":30,"column":5}},"line":27},"6":{"name":"(anonymous_6)","decl":{"start":{"line":37,"column":28},"end":{"line":37,"column":29}},"loc":{"start":{"line":37,"column":34},"end":{"line":55,"column":1}},"line":37},"7":{"name":"(anonymous_7)","decl":{"start":{"line":37,"column":34},"end":{"line":37,"column":35}},"loc":{"start":{"line":37,"column":46},"end":{"line":55,"column":1}},"line":37},"8":{"name":"(anonymous_8)","decl":{"start":{"line":41,"column":10},"end":{"line":41,"column":11}},"loc":{"start":{"line":41,"column":17},"end":{"line":47,"column":5}},"line":41},"9":{"name":"(anonymous_9)","decl":{"start":{"line":48,"column":11},"end":{"line":48,"column":12}},"loc":{"start":{"line":48,"column":18},"end":{"line":54,"column":5}},"line":48},"10":{"name":"(anonymous_10)","decl":{"start":{"line":61,"column":40},"end":{"line":61,"column":41}},"loc":{"start":{"line":61,"column":46},"end":{"line":63,"column":1}},"line":61},"11":{"name":"(anonymous_11)","decl":{"start":{"line":61,"column":46},"end":{"line":61,"column":47}},"loc":{"start":{"line":61,"column":58},"end":{"line":63,"column":1}},"line":61},"12":{"name":"(anonymous_12)","decl":{"start":{"line":65,"column":29},"end":{"line":65,"column":30}},"loc":{"start":{"line":65,"column":44},"end":{"line":80,"column":1}},"line":65},"13":{"name":"(anonymous_13)","decl":{"start":{"line":65,"column":44},"end":{"line":65,"column":45}},"loc":{"start":{"line":65,"column":56},"end":{"line":80,"column":1}},"line":65},"14":{"name":"(anonymous_14)","decl":{"start":{"line":68,"column":10},"end":{"line":68,"column":11}},"loc":{"start":{"line":68,"column":17},"end":{"line":73,"column":5}},"line":68},"15":{"name":"(anonymous_15)","decl":{"start":{"line":74,"column":11},"end":{"line":74,"column":12}},"loc":{"start":{"line":74,"column":18},"end":{"line":79,"column":5}},"line":74},"16":{"name":"(anonymous_16)","decl":{"start":{"line":86,"column":39},"end":{"line":86,"column":40}},"loc":{"start":{"line":86,"column":45},"end":{"line":88,"column":1}},"line":86},"17":{"name":"(anonymous_17)","decl":{"start":{"line":86,"column":45},"end":{"line":86,"column":46}},"loc":{"start":{"line":86,"column":57},"end":{"line":88,"column":1}},"line":86},"18":{"name":"(anonymous_18)","decl":{"start":{"line":90,"column":24},"end":{"line":90,"column":25}},"loc":{"start":{"line":90,"column":33},"end":{"line":107,"column":1}},"line":90},"19":{"name":"(anonymous_19)","decl":{"start":{"line":90,"column":33},"end":{"line":90,"column":34}},"loc":{"start":{"line":90,"column":45},"end":{"line":107,"column":1}},"line":90},"20":{"name":"(anonymous_20)","decl":{"start":{"line":99,"column":10},"end":{"line":99,"column":11}},"loc":{"start":{"line":99,"column":17},"end":{"line":102,"column":5}},"line":99},"21":{"name":"(anonymous_21)","decl":{"start":{"line":103,"column":11},"end":{"line":103,"column":12}},"loc":{"start":{"line":103,"column":18},"end":{"line":106,"column":5}},"line":103},"22":{"name":"(anonymous_22)","decl":{"start":{"line":113,"column":31},"end":{"line":113,"column":32}},"loc":{"start":{"line":113,"column":37},"end":{"line":126,"column":1}},"line":113},"23":{"name":"(anonymous_23)","decl":{"start":{"line":113,"column":37},"end":{"line":113,"column":38}},"loc":{"start":{"line":113,"column":49},"end":{"line":126,"column":1}},"line":113},"24":{"name":"(anonymous_24)","decl":{"start":{"line":117,"column":10},"end":{"line":117,"column":11}},"loc":{"start":{"line":117,"column":17},"end":{"line":121,"column":5}},"line":117},"25":{"name":"(anonymous_25)","decl":{"start":{"line":122,"column":11},"end":{"line":122,"column":12}},"loc":{"start":{"line":122,"column":18},"end":{"line":125,"column":5}},"line":122},"26":{"name":"(anonymous_26)","decl":{"start":{"line":130,"column":32},"end":{"line":130,"column":33}},"loc":{"start":{"line":130,"column":46},"end":{"line":186,"column":1}},"line":130},"27":{"name":"(anonymous_27)","decl":{"start":{"line":130,"column":46},"end":{"line":130,"column":47}},"loc":{"start":{"line":130,"column":58},"end":{"line":186,"column":1}},"line":130},"28":{"name":"(anonymous_28)","decl":{"start":{"line":135,"column":10},"end":{"line":135,"column":11}},"loc":{"start":{"line":135,"column":17},"end":{"line":181,"column":5}},"line":135},"29":{"name":"(anonymous_29)","decl":{"start":{"line":138,"column":35},"end":{"line":138,"column":36}},"loc":{"start":{"line":138,"column":44},"end":{"line":179,"column":7}},"line":138},"30":{"name":"(anonymous_30)","decl":{"start":{"line":182,"column":11},"end":{"line":182,"column":12}},"loc":{"start":{"line":182,"column":18},"end":{"line":185,"column":5}},"line":182}},"branchMap":{"0":{"loc":{"start":{"line":139,"column":8},"end":{"line":141,"column":9}},"type":"if","locations":[{"start":{"line":139,"column":8},"end":{"line":141,"column":9}},{"start":{"line":139,"column":8},"end":{"line":141,"column":9}}],"line":139},"1":{"loc":{"start":{"line":139,"column":12},"end":{"line":139,"column":68}},"type":"binary-expr","locations":[{"start":{"line":139,"column":12},"end":{"line":139,"column":22}},{"start":{"line":139,"column":26},"end":{"line":139,"column":68}}],"line":139},"2":{"loc":{"start":{"line":142,"column":8},"end":{"line":147,"column":9}},"type":"if","locations":[{"start":{"line":142,"column":8},"end":{"line":147,"column":9}},{"start":{"line":142,"column":8},"end":{"line":147,"column":9}}],"line":142},"3":{"loc":{"start":{"line":143,"column":10},"end":{"line":144,"column":58}},"type":"binary-expr","locations":[{"start":{"line":143,"column":10},"end":{"line":143,"column":26}},{"start":{"line":144,"column":10},"end":{"line":144,"column":58}}],"line":143},"4":{"loc":{"start":{"line":148,"column":8},"end":{"line":150,"column":9}},"type":"if","locations":[{"start":{"line":148,"column":8},"end":{"line":150,"column":9}},{"start":{"line":148,"column":8},"end":{"line":150,"column":9}}],"line":148},"5":{"loc":{"start":{"line":148,"column":12},"end":{"line":148,"column":61}},"type":"binary-expr","locations":[{"start":{"line":148,"column":12},"end":{"line":148,"column":20}},{"start":{"line":148,"column":24},"end":{"line":148,"column":61}}],"line":148},"6":{"loc":{"start":{"line":151,"column":8},"end":{"line":153,"column":9}},"type":"if","locations":[{"start":{"line":151,"column":8},"end":{"line":153,"column":9}},{"start":{"line":151,"column":8},"end":{"line":153,"column":9}}],"line":151},"7":{"loc":{"start":{"line":151,"column":12},"end":{"line":151,"column":63}},"type":"binary-expr","locations":[{"start":{"line":151,"column":12},"end":{"line":151,"column":21}},{"start":{"line":151,"column":25},"end":{"line":151,"column":63}}],"line":151},"8":{"loc":{"start":{"line":154,"column":8},"end":{"line":159,"column":9}},"type":"if","locations":[{"start":{"line":154,"column":8},"end":{"line":159,"column":9}},{"start":{"line":154,"column":8},"end":{"line":159,"column":9}}],"line":154},"9":{"loc":{"start":{"line":155,"column":10},"end":{"line":156,"column":58}},"type":"binary-expr","locations":[{"start":{"line":155,"column":10},"end":{"line":155,"column":29}},{"start":{"line":156,"column":10},"end":{"line":156,"column":58}}],"line":155},"10":{"loc":{"start":{"line":160,"column":8},"end":{"line":162,"column":9}},"type":"if","locations":[{"start":{"line":160,"column":8},"end":{"line":162,"column":9}},{"start":{"line":160,"column":8},"end":{"line":162,"column":9}}],"line":160},"11":{"loc":{"start":{"line":160,"column":12},"end":{"line":160,"column":72}},"type":"binary-expr","locations":[{"start":{"line":160,"column":12},"end":{"line":160,"column":24}},{"start":{"line":160,"column":28},"end":{"line":160,"column":72}}],"line":160},"12":{"loc":{"start":{"line":163,"column":8},"end":{"line":168,"column":9}},"type":"if","locations":[{"start":{"line":163,"column":8},"end":{"line":168,"column":9}},{"start":{"line":163,"column":8},"end":{"line":168,"column":9}}],"line":163},"13":{"loc":{"start":{"line":164,"column":10},"end":{"line":165,"column":61}},"type":"binary-expr","locations":[{"start":{"line":164,"column":10},"end":{"line":164,"column":29}},{"start":{"line":165,"column":10},"end":{"line":165,"column":61}}],"line":164},"14":{"loc":{"start":{"line":169,"column":8},"end":{"line":171,"column":9}},"type":"if","locations":[{"start":{"line":169,"column":8},"end":{"line":171,"column":9}},{"start":{"line":169,"column":8},"end":{"line":171,"column":9}}],"line":169},"15":{"loc":{"start":{"line":169,"column":12},"end":{"line":169,"column":72}},"type":"binary-expr","locations":[{"start":{"line":169,"column":12},"end":{"line":169,"column":24}},{"start":{"line":169,"column":28},"end":{"line":169,"column":72}}],"line":169},"16":{"loc":{"start":{"line":172,"column":8},"end":{"line":177,"column":9}},"type":"if","locations":[{"start":{"line":172,"column":8},"end":{"line":177,"column":9}},{"start":{"line":172,"column":8},"end":{"line":177,"column":9}}],"line":172},"17":{"loc":{"start":{"line":173,"column":10},"end":{"line":174,"column":57}},"type":"binary-expr","locations":[{"start":{"line":173,"column":10},"end":{"line":173,"column":25}},{"start":{"line":174,"column":10},"end":{"line":174,"column":57}}],"line":173}},"s":{"0":0,"1":0,"2":0,"3":0,"4":0,"5":0,"6":0,"7":0,"8":0,"9":0,"10":0,"11":0,"12":0,"13":0,"14":0,"15":0,"16":0,"17":0,"18":0,"19":0,"20":0,"21":0,"22":0,"23":0,"24":0,"25":0,"26":0,"27":0,"28":0,"29":0,"30":0,"31":0,"32":0,"33":0,"34":0,"35":0,"36":0,"37":0,"38":0,"39":0,"40":0,"41":0,"42":0,"43":0,"44":0,"45":0,"46":0,"47":0,"48":0,"49":0,"50":0,"51":0,"52":0,"53":0,"54":0,"55":0,"56":0,"57":0,"58":0,"59":0,"60":0,"61":0,"62":0,"63":0,"64":0,"65":0,"66":0,"67":0,"68":0,"69":0,"70":0,"71":0,"72":0,"73":0,"74":0,"75":0,"76":0,"77":0,"78":0,"79":0,"80":0,"81":0,"82":0,"83":0,"84":0,"85":0,"86":0,"87":0,"88":0},"f":{"0":0,"1":0,"2":0,"3":0,"4":0,"5":0,"6":0,"7":0,"8":0,"9":0,"10":0,"11":0,"12":0,"13":0,"14":0,"15":0,"16":0,"17":0,"18":0,"19":0,"20":0,"21":0,"22":0,"23":0,"24":0,"25":0,"26":0,"27":0,"28":0,"29":0,"30":0},"b":{"0":[0,0],"1":[0,0],"2":[0,0],"3":[0,0],"4":[0,0],"5":[0,0],"6":[0,0],"7":[0,0],"8":[0,0],"9":[0,0],"10":[0,0],"11":[0,0],"12":[0,0],"13":[0,0],"14":[0,0],"15":[0,0],"16":[0,0],"17":[0,0]},"hash":"6a3bb8d11208c60520d4580490ef4ade17c5d37a"}
[...]
:86,"column":16},"end":{"line":90,"column":17}},"11":{"start":{"line":93,"column":24},"end":{"line":96,"column":14}},"12":{"start":{"line":94,"column":25},"end":{"line":94,"column":59}},"13":{"start":{"line":95,"column":16},"end":{"line":95,"column":27}},"14":{"start":{"line":97,"column":24},"end":{"line":100,"column":14}},"15":{"start":{"line":98,"column":26},"end":{"line":98,"column":74}},"16":{"start":{"line":99,"column":16},"end":{"line":99,"column":27}},"17":{"start":{"line":101,"column":26},"end":{"line":104,"column":14}},"18":{"start":{"line":102,"column":26},"end":{"line":102,"column":63}},"19":{"start":{"line":103,"column":16},"end":{"line":103,"column":27}},"20":{"start":{"line":105,"column":27},"end":{"line":108,"column":14}},"21":{"start":{"line":106,"column":26},"end":{"line":106,"column":60}},"22":{"start":{"line":107,"column":16},"end":{"line":107,"column":27}},"23":{"start":{"line":109,"column":12},"end":{"line":117,"column":13}},"24":{"start":{"line":119,"column":12},"end":{"line":123,"column":13}},"25":{"start":{"line":129,"column":14},"end":{"line":133,"column":15}},"26":{"start":{"line":135,"column":14},"end":{"line":139,"column":15}},"27":{"start":{"line":141,"column":14},"end":{"line":145,"column":15}},"28":{"start":{"line":147,"column":14},"end":{"line":147,"column":26}}},"fnMap":{"0":{"name":"(anonymous_0)","decl":{"start":{"line":34,"column":34},"end":{"line":34,"column":35}},"loc":{"start":{"line":34,"column":68},"end":{"line":149,"column":1}},"line":34},"1":{"name":"(anonymous_1)","decl":{"start":{"line":93,"column":57},"end":{"line":93,"column":58}},"loc":{"start":{"line":93,"column":65},"end":{"line":96,"column":13}},"line":93},"2":{"name":"(anonymous_2)","decl":{"start":{"line":97,"column":50},"end":{"line":97,"column":51}},"loc":{"start":{"line":97,"column":58},"end":{"line":100,"column":13}},"line":97},"3":{"name":"(anonymous_3)","decl":{"start":{"line":101,"column":59},"end":{"line":101,"column":60}},"loc":{"start":{"line":101,"column":67},"end":{"line":104,"column":13}},"line":101},"4":{"name":"(anonymous_4)","decl":{"start":{"line":105,"column":56},"end":{"line":105,"column":57}},"loc":{"start":{"line":105,"column":64},"end":{"line":108,"column":13}},"line":105}},"branchMap":{"0":{"loc":{"start":{"line":34,"column":35},"end":{"line":34,"column":55}},"type":"default-arg","locations":[{"start":{"line":34,"column":43},"end":{"line":34,"column":55}}],"line":34},"1":{"loc":{"start":{"line":35,"column":2},"end":{"line":148,"column":7}},"type":"switch","locations":[{"start":{"line":36,"column":6},"end":{"line":41,"column":11}},{"start":{"line":42,"column":6},"end":{"line":48,"column":11}},{"start":{"line":49,"column":6},"end":{"line":54,"column":11}},{"start":{"line":57,"column":6},"end":{"line":62,"column":15}},{"start":{"line":63,"column":14},"end":{"line":68,"column":15}},{"start":{"line":69,"column":10},"end":{"line":75,"column":15}},{"start":{"line":76,"column":10},"end":{"line":83,"column":15}},{"start":{"line":85,"column":12},"end":{"line":90,"column":17}},{"start":{"line":91,"column":12},"end":{"line":117,"column":13}},{"start":{"line":118,"column":8},"end":{"line":123,"column":13}},{"start":{"line":128,"column":11},"end":{"line":133,"column":15}},{"start":{"line":134,"column":10},"end":{"line":139,"column":15}},{"start":{"line":140,"column":10},"end":{"line":145,"column":15}},{"start":{"line":146,"column":10},"end":{"line":147,"column":26}}],"line":35}},"s":{"0":0,"1":0,"2":0,"3":0,"4":0,"5":0,"6":0,"7":0,"8":0,"9":0,"10":0,"11":0,"12":0,"13":0,"14":0,"15":0,"16":0,"17":0,"18":0,"19":0,"20":0,"21":0,"22":0,"23":0,"24":0,"25":0,"26":0,"27":0,"28":0},"f":{"0":0,"1":0,"2":0,"3":0,"4":0},"b":{"0":[0],"1":[0,0,0,0,0,0,0,0,0,0,0,0,0,0]},"hash":"4548d9f36a1daf6b1379df955f6e8adf3a5c3224"}
,"/Users/davevazquez/Documents/001-workspace/003-Labs-20/speak-out-fe/client/src/reducers/adminDashboardReducers/studentCourseReducer.js": {"path":"/Users/davevazquez/Documents/001-workspace/003-Labs-20/speak-out-fe/client/src/reducers/adminDashboardReducers/studentCourseReducer.js","statementMap":{"0":{"start":{"line":8,"column":21},"end":{"line":12,"column":1}},"1":{"start":{"line":15,"column":36},"end":{"line":40,"column":5}},"2":{"start":{"line":16,"column":4},"end":{"line":39,"column":9}},"3":{"start":{"line":18,"column":12},"end":{"line":22,"column":14}},"4":{"start":{"line":24,"column":12},"end":{"line":29,"column":14}},"5":{"start":{"line":31,"column":12},"end":{"line":35,"column":13}},"6":{"start":{"line":37,"column":21},"end":{"line":37,"column":34}}},"fnMap":{"0":{"name":"(anonymous_0)","decl":{"start":{"line":15,"column":36},"end":{"line":15,"column":37}},"loc":{"start":{"line":15,"column":70},"end":{"line":40,"column":5}},"line":15}},"branchMap":{"0":{"loc":{"start":{"line":15,"column":37},"end":{"line":15,"column":57}},"type":"default-arg","locations":[{"start":{"line":15,"column":45},"end":{"line":15,"column":57}}],"line":15},"1":{"loc":{"start":{"line":16,"column":4},"end":{"line":39,"column":9}},"type":"switch","locations":[{"start":{"line":17,"column":8},"end":{"line":22,"column":14}},{"start":{"line":23,"column":8},"end":{"line":29,"column":14}},{"start":{"line":30,"column":8},"end":{"line":35,"column":13}},{"start":{"line":37,"column":12},"end":{"line":37,"column":34}}],"line":16}},"s":{"0":0,"1":0,"2":0,"3":0,"4":0,"5":0,"6":0},"f":{"0":0},"b":{"0":[0],"1":[0,0,0,0]},"hash":"956b0dd040f77bb8d1ded40d5b107d37b2986e15"}
,"/Users/davevazquez/Documents/001-workspace/003-Labs-20/speak-out-fe/client/src/reducers/adminDashboardReducers/studentProgressReducer.js": {"path":"/Users/davevazquez/Documents/001-workspace/003-Labs-20/speak-out-fe/client/src/reducers/adminDashboardReducers/studentProgressReducer.js","statementMap":{"0":{"start":{"line":17,"column":21},"end":{"line":25,"column":1}},"1":{"start":{"line":29,"column":38},"end":{"line":95,"column":5}},"2":{"start":{"line":30,"column":4},"end":{"line":94,"column":9}},"3":{"start":{"line":32,"column":12},"end":{"line":36,"column":14}},"4":{"start":{"line":38,"column":12},"end":{"line":43,"column":14}},"5":{"start":{"line":45,"column":12},"end":{"line":49,"column":13}},"6":{"start":{"line":52,"column":16},"end":{"line":57,"column":18}},"7":{"start":{"line":59,"column":16},"end":{"line":66,"column":18}},"8":{"start":{"line":68,"column":16},"end":{"line":72,"column":17}},"9":{"start":{"line":75,"column":20},"end":{"line":79,"column":22}},"10":{"start":{"line":81,"column":16},"end":{"line":86,"column":18}},"11":{"start":{"line":88,"column":16},"end":{"line":92,"column":17}},"12":{"start":{"line":93,"column":21},"end":{"line":93,"column":34}}},"fnMap":{"0":{"name":"(anonymous_0)","decl":{"start":{"line":29,"column":38},"end":{"line":29,"column":39}},"loc":{"start":{"line":29,"column":72},"end":{"line":95,"column":5}},"line":29}},"branchMap":{"0":{"loc":{"start":{"line":29,"column":39},"end":{"line":29,"column":59}},"type":"default-arg","locations":[{"start":{"line":29,"column":47},"end":{"line":29,"column":59}}],"line":29},"1":{"loc":{"start":{"line":30,"column":4},"end":{"line":94,"column":9}},"type":"switch","locations":[{"start":{"line":31,"column":8},"end":{"line":36,"column":14}},{"start":{"line":37,"column":8},"end":{"line":43,"column":14}},{"start":{"line":44,"column":8},"end":{"line":49,"column":13}},{"start":{"line":51,"column":12},"end":{"line":57,"column":18}},{"start":{"line":58,"column":12},"end":{"line":66,"column":18}},{"start":{"line":67,"column":12},"end":{"line":72,"column":17}},{"start":{"line":74,"column":12},"end":{"line":79,"column":22}},{"start":{"line":80,"column":12},"end":{"line":86,"column":18}},{"start":{"line":87,"column":12},"end":{"line":92,"column":17}},{"start":{"line":93,"column":12},"end":{"line":93,"column":34}}],"line":30}},"s":{"0":0,"1":0,"2":0,"3":0,"4":0,"5":0,"6":0,"7":0,"8":0,"9":0,"10":0,"11":0,"12":0},"f":{"0":0},"b":{"0":[0],"1":[0,0,0,0,0,0,0,0,0,0]},"hash":"faac909732fae22251c32b3439628f4e39cda3cd"}
,"/Users/davevazquez/Documents/001-workspace/003-Labs-20/speak-out-fe/client/src/reducers/adminDashboardReducers/studentTableReducer.js": {"path":"/Users/davevazquez/Documents/001-workspace/003-Labs-20/speak-out-fe/client/src/reducers/adminDashboardReducers/studentTableReducer.js","statementMap":{"0":{"start":{"line":17,"column":21},"end":{"line":40,"column":1}},"1":{"start":{"line":42,"column":35},"end":{"line":133,"column":1}},"2":{"start":{"line":43,"column":4},"end":{"line":132,"column":5}},"3":{"start":{"line":45,"column":12},"end":{"line":49,"column":14}},"4":{"start":{"line":51,"column":12},"end":{"line":56,"column":14}},"5":{"start":{"line":58,"column":12},"end":{"line":62,"column":13}},"6":{"start":{"line":64,"column":16},"end":{"line":67,"column":17}},"7":{"start":{"line":70,"column":12},"end":{"line":73,"column":13}},"8":{"start":{"line":75,"column":12},"end":{"line":80,"column":13}},"9":{"start":{"line":82,"column":12},"end":{"line":85,"column":13}},"10":{"start":{"line":87,"column":16},"end":{"line":90,"column":17}},"11":{"start":{"line":93,"column":12},"end":{"line":97,"column":13}},"12":{"start":{"line":99,"column":24},"end":{"line":102,"column":14}},"13":{"start":{"line":100,"column":25},"end":{"line":100,"column":59}},"14":{"start":{"line":101,"column":16},"end":{"line":101,"column":27}},"15":{"start":{"line":103,"column":24},"end":{"line":106,"column":14}},"16":{"start":{"line":104,"column":26},"end":{"line":104,"column":74}},"17":{"start":{"line":105,"column":16},"end":{"line":105,"column":27}},"18":{"start":{"line":107,"column":26},"end":{"line":110,"column":14}},"19":{"start":{"line":108,"column":26},"end":{"line":108,"column":63}},"20":{"start":{"line":109,"column":16},"end":{"line":109,"column":27}},"21":{"start":{"line":111,"column":27},"end":{"line":114,"column":14}},"22":{"start":{"line":112,"column":26},"end":{"line":112,"column":60}},"23":{"start":{"line":113,"column":16},"end":{"line":113,"column":27}},"24":{"start":{"line":115,"column":12},"end":{"line":123,"column":13}},"25":{"start":{"line":125,"column":12},"end":{"line":129,"column":13}},"26":{"start":{"line":130,"column":17},"end":{"line":130,"column":30}}},"fnMap":{"0":{"name":"(anonymous_0)","decl":{"start":{"line":42,"column":35},"end":{"line":42,"column":36}},"loc":{"start":{"line":42,"column":69},"end":{"line":133,"column":1}},"line":42},"1":{"name":"(anonymous_1)","decl":{"start":{"line":99,"column":57},"end":{"line":99,"column":58}},"loc":{"start":{"line":99,"column":65},"end":{"line":102,"column":13}},"line":99},"2":{"name":"(anonymous_2)","decl":{"start":{"line":103,"column":50},"end":{"line":103,"column":51}},"loc":{"start":{"line":103,"column":58},"end":{"line":106,"column":13}},"line":103},"3":{"name":"(anonymous_3)","decl":{"start":{"line":107,"column":59},"end":{"line":107,"column":60}},"loc":{"start":{"line":107,"column":67},"end":{"line":110,"column":13}},"line":107},"4":{"name":"(anonymous_4)","decl":{"start":{"line":111,"column":56},"end":{"line":111,"column":57}},"loc":{"start":{"line":111,"column":64},"end":{"line":114,"column":13}},"line":111}},"branchMap":{"0":{"loc":{"start":{"line":42,"column":36},"end":{"line":42,"column":56}},"type":"default-arg","locations":[{"start":{"line":42,"column":44},"end":{"line":42,"column":56}}],"line":42},"1":{"loc":{"start":{"line":43,"column":4},"end":{"line":132,"column":5}},"type":"switch","locations":[{"start":{"line":44,"column":8},"end":{"line":49,"column":14}},{"start":{"line":50,"column":8},"end":{"line":56,"column":14}},{"start":{"line":57,"column":8},"end":{"line":62,"column":13}},{"start":{"line":63,"column":12},"end":{"line":67,"column":17}},{"start":{"line":69,"column":8},"end":{"line":73,"column":13}},{"start":{"line":74,"column":8},"end":{"line":80,"column":13}},{"start":{"line":81,"column":8},"end":{"line":85,"column":13}},{"start":{"line":86,"column":12},"end":{"line":90,"column":17}},{"start":{"line":92,"column":8},"end":{"line":97,"column":13}},{"start":{"line":98,"column":8},"end":{"line":123,"column":13}},{"start":{"line":124,"column":8},"end":{"line":129,"column":13}},{"start":{"line":130,"column":8},"end":{"line":130,"column":30}}],"line":43}},"s":{"0":0,"1":0,"2":0,"3":0,"4":0,"5":0,"6":0,"7":0,"8":0,"9":0,"10":0,"11":0,"12":0,"13":0,"14":0,"15":0,"16":0,"17":0,"18":0,"19":0,"20":0,"21":0,"22":0,"23":0,"24":0,"25":0,"26":0},"f":{"0":0,"1":0,"2":0,"3":0,"4":0},"b":{"0":[0],"1":[0,0,0,0,0,0,0,0,0,0,0,0]},"hash":"7f910edf27e6205d18328a59d4793162758d0d90"}
,"/Users/davevazquez/Documents/001-workspace/003-Labs-20/speak-out-fe/client/src/reducers/landingPageReducers/landingPageReducers.js": {"path":"/Users/davevazquez/Documents/001-workspace/003-Labs-20/speak-out-fe/client/src/reducers/landingPageReducers/landingPageReducers.js","statementMap":{"0":{"start":{"line":3,"column":21},"end":{"line":5,"column":1}},"1":{"start":{"line":7,"column":34},"end":{"line":17,"column":1}},"2":{"start":{"line":8,"column":0},"end":{"line":16,"column":3}},"3":{"start":{"line":10,"column":4},"end":{"line":13,"column":6}},"4":{"start":{"line":14,"column":13},"end":{"line":14,"column":26}}},"fnMap":{"0":{"name":"(anonymous_0)","decl":{"start":{"line":7,"column":34},"end":{"line":7,"column":35}},"loc":{"start":{"line":7,"column":68},"end":{"line":17,"column":1}},"line":7}},"branchMap":{"0":{"loc":{"start":{"line":7,"column":35},"end":{"line":7,"column":55}},"type":"default-arg","locations":[{"start":{"line":7,"column":43},"end":{"line":7,"column":55}}],"line":7},"1":{"loc":{"start":{"line":8,"column":0},"end":{"line":16,"column":3}},"type":"switch","locations":[{"start":{"line":9,"column":4},"end":{"line":13,"column":6}},{"start":{"line":14,"column":4},"end":{"line":14,"column":26}}],"line":8}},"s":{"0":0,"1":0,"2":0,"3":0,"4":0},"f":{"0":0},"b":{"0":[0],"1":[0,0]},"hash":"763c00a31c61fa9486bc2fd6d551d2402c610ce6"}
,"/Users/davevazquez/Documents/001-workspace/003-Labs-20/speak-out-fe/client/src/styles/styledComponents.js": {"path":"/Users/davevazquez/Documents/001-workspace/003-Labs-20/speak-out-fe/client/src/styles/styledComponents.js","statementMap":{"0":{"start":{"line":3,"column":27},"end":{"line":5,"column":1}},"1":{"start":{"line":7,"column":26},"end":{"line":11,"column":1}},"2":{"start":{"line":12,"column":29},"end":{"line":14,"column":1}},"3":{"start":{"line":16,"column":24},"end":{"line":18,"column":1}},"4":{"start":{"line":20,"column":26},"end":{"line":22,"column":1}},"5":{"start":{"line":24,"column":19},"end":{"line":29,"column":1}},"6":{"start":{"line":30,"column":24},"end":{"line":34,"column":1}},"7":{"start":{"line":36,"column":23},"end":{"line":39,"column":1}},"8":{"start":{"line":41,"column":23},"end":{"line":44,"column":1}},"9":{"start":{"line":46,"column":23},"end":{"line":49,"column":1}},"10":{"start":{"line":50,"column":23},"end":{"line":53,"column":1}},"11":{"start":{"line":55,"column":18},"end":{"line":57,"column":1}},"12":{"start":{"line":59,"column":17},"end":{"line":61,"column":1}},"13":{"start":{"line":64,"column":17},"end":{"line":68,"column":1}},"14":{"start":{"line":70,"column":19},"end":{"line":74,"column":1}},"15":{"start":{"line":77,"column":18},"end":{"line":82,"column":1}},"16":{"start":{"line":84,"column":17},"end":{"line":87,"column":1}},"17":{"start":{"line":89,"column":20},"end":{"line":91,"column":1}},"18":{"start":{"line":92,"column":17},"end":{"line":100,"column":1}},"19":{"start":{"line":102,"column":14},"end":{"line":109,"column":1}},"20":{"start":{"line":111,"column":15},"end":{"line":119,"column":1}}},"fnMap":{},"branchMap":{},"s":{"0":0,"1":0,"2":0,"3":0,"4":0,"5":0,"6":0,"7":0,"8":0,"9":0,"10":0,"11":0,"12":0,"13":0,"14":0,"15":0,"16":0,"17":0,"18":0,"19":0,"20":0},"f":{},"b":{},"hash":"a5333afcfe7b2116f4b73ba111563eda261aa51c"}
,"/Users/davevazquez/Documents/001-workspace/003-Labs-20/speak-out-fe/client/src/utils/helpers.js": {"path":"/Users/davevazquez/Documents/001-workspace/003-Labs-20/speak-out-fe/client/src/utils/helpers.js","statementMap":{"0":{"start":{"line":2,"column":22},"end":{"line":3,"column":3}},"1":{"start":{"line":4,"column":2},"end":{"line":4,"column":20}},"2":{"start":{"line":8,"column":18},"end":{"line":8,"column":70}},"3":{"start":{"line":9,"column":22},"end":{"line":9,"column":73}},"4":{"start":{"line":10,"column":2},"end":{"line":10,"column":21}}},"fnMap":{"0":{"name":"timeConverter","decl":{"start":{"line":1,"column":16},"end":{"line":1,"column":29}},"loc":{"start":{"line":1,"column":36},"end":{"line":5,"column":1}},"line":1},"1":{"name":"dateConverter","decl":{"start":{"line":7,"column":16},"end":{"line":7,"column":29}},"loc":{"start":{"line":7,"column":36},"end":{"line":11,"column":1}},"line":7}},"branchMap":{},"s":{"0":0,"1":0,"2":0,"3":0,"4":0},"f":{"0":0,"1":0},"b":{},"hash":"4cbe9201b683f7bb79f4421c6a1d69793e350587"}
,"/Users/davevazquez/Documents/001-workspace/003-Labs-20/speak-out-fe/client/src/utils/testStore.js": {"path":"/Users/davevazquez/Documents/001-workspace/003-Labs-20/speak-out-fe/client/src/utils/testStore.js","statementMap":{"0":{"start":{"line":5,"column":21},"end":{"line":8,"column":1}},"1":{"start":{"line":6,"column":22},"end":{"line":6,"column":66}},"2":{"start":{"line":7,"column":2},"end":{"line":7,"column":21}}},"fnMap":{"0":{"name":"(anonymous_0)","decl":{"start":{"line":5,"column":21},"end":{"line":5,"column":22}},"loc":{"start":{"line":5,"column":27},"end":{"line":8,"column":1}},"line":5}},"branchMap":{},"s":{"0":0,"1":0,"2":0},"f":{"0":0},"b":{},"hash":"97e32f07c284511dedcbbd6a71d9e15feea106f3"}
,"/Users/davevazquez/Documents/001-workspace/003-Labs-20/speak-out-fe/client/src/views/adminDashboard/components/mainStyle/styledComponent.js": {"path":"/Users/davevazquez/Documents/001-workspace/003-Labs-20/speak-out-fe/client/src/views/adminDashboard/components/mainStyle/styledComponent.js","statementMap":{"0":{"start":{"line":3,"column":24},"end":{"line":12,"column":1}},"1":{"start":{"line":13,"column":23},"end":{"line":17,"column":1}},"2":{"start":{"line":19,"column":26},"end":{"line":23,"column":1}},"3":{"start":{"line":24,"column":22},"end":{"line":28,"column":1}},"4":{"start":{"line":31,"column":23},"end":{"line":36,"column":1}},"5":{"start":{"line":38,"column":19},"end":{"line":44,"column":1}},"6":{"start":{"line":46,"column":20},"end":{"line":52,"column":1}},"7":{"start":{"line":54,"column":21},"end":{"line":61,"column":1}},"8":{"start":{"line":62,"column":23},"end":{"line":65,"column":1}},"9":{"start":{"line":66,"column":21},"end":{"line":69,"column":1}},"10":{"start":{"line":70,"column":25},"end":{"line":77,"column":1}},"11":{"start":{"line":79,"column":22},"end":{"line":89,"column":1}},"12":{"start":{"line":90,"column":25},"end":{"line":99,"column":1}},"13":{"start":{"line":100,"column":32},"end":{"line":106,"column":1}},"14":{"start":{"line":108,"column":29},"end":{"line":112,"column":1}},"15":{"start":{"line":113,"column":24},"end":{"line":119,"column":1}},"16":{"start":{"line":120,"column":27},"end":{"line":126,"column":1}},"17":{"start":{"line":127,"column":23},"end":{"line":127,"column":35}},"18":{"start":{"line":129,"column":30},"end":{"line":133,"column":1}},"19":{"start":{"line":138,"column":31},"end":{"line":145,"column":1}},"20":{"start":{"line":147,"column":21},"end":{"line":149,"column":1}},"21":{"start":{"line":151,"column":27},"end":{"line":154,"column":1}},"22":{"start":{"line":156,"column":28},"end":{"line":165,"column":1}},"23":{"start":{"line":167,"column":25},"end":{"line":170,"column":1}},"24":{"start":{"line":171,"column":28},"end":{"line":181,"column":1}},"25":{"start":{"line":183,"column":26},"end":{"line":193,"column":1}},"26":{"start":{"line":195,"column":28},"end":{"line":205,"column":1}},"27":{"start":{"line":207,"column":25},"end":{"line":217,"column":1}}},"fnMap":{},"branchMap":{},"s":{"0":0,"1":0,"2":0,"3":0,"4":0,"5":0,"6":0,"7":0,"8":0,"9":0,"10":0,"11":0,"12":0,"13":0,"14":0,"15":0,"16":0,"17":0,"18":0,"19":0,"20":0,"21":0,"22":0,"23":0,"24":0,"25":0,"26":0,"27":0},"f":{},"b":{},"hash":"7a76529a61fb6ed00d09334235042563adec7ecf"}
}
